01-Nov-2023 22:51:42.784 INFO [main] org.apache.catalina.startup.VersionLoggerListener.log Server version name:   Apache Tomcat/10.1.15
01-Nov-2023 22:51:42.795 INFO [main] org.apache.catalina.startup.VersionLoggerListener.log Server built:          Oct 11 2023 23:38:40 UTC
01-Nov-2023 22:51:42.795 INFO [main] org.apache.catalina.startup.VersionLoggerListener.log Server version number: 10.1.15.0
01-Nov-2023 22:51:42.795 INFO [main] org.apache.catalina.startup.VersionLoggerListener.log OS Name:               Windows 10
01-Nov-2023 22:51:42.796 INFO [main] org.apache.catalina.startup.VersionLoggerListener.log OS Version:            10.0
01-Nov-2023 22:51:42.796 INFO [main] org.apache.catalina.startup.VersionLoggerListener.log Architecture:          amd64
01-Nov-2023 22:51:42.796 INFO [main] org.apache.catalina.startup.VersionLoggerListener.log Java Home:             C:\Users\Hai Nguyen\.jdks\openjdk-21.0.1
01-Nov-2023 22:51:42.796 INFO [main] org.apache.catalina.startup.VersionLoggerListener.log JVM Version:           21.0.1+12-29
01-Nov-2023 22:51:42.797 INFO [main] org.apache.catalina.startup.VersionLoggerListener.log JVM Vendor:            Oracle Corporation
01-Nov-2023 22:51:42.797 INFO [main] org.apache.catalina.startup.VersionLoggerListener.log CATALINA_BASE:         C:\Users\Hai Nguyen\Documents\Vi\intellij-workspace\387Assignment2Storefront
01-Nov-2023 22:51:42.797 INFO [main] org.apache.catalina.startup.VersionLoggerListener.log CATALINA_HOME:         C:\Users\Hai Nguyen\Documents\Vi\apache-tomcat-10.1.15
01-Nov-2023 22:51:42.822 INFO [main] org.apache.catalina.startup.VersionLoggerListener.log Command line argument: --add-opens=java.base/java.lang=ALL-UNNAMED
01-Nov-2023 22:51:42.823 INFO [main] org.apache.catalina.startup.VersionLoggerListener.log Command line argument: --add-opens=java.base/java.io=ALL-UNNAMED
01-Nov-2023 22:51:42.824 INFO [main] org.apache.catalina.startup.VersionLoggerListener.log Command line argument: --add-opens=java.base/java.util=ALL-UNNAMED
01-Nov-2023 22:51:42.826 INFO [main] org.apache.catalina.startup.VersionLoggerListener.log Command line argument: --add-opens=java.base/java.util.concurrent=ALL-UNNAMED
01-Nov-2023 22:51:42.827 INFO [main] org.apache.catalina.startup.VersionLoggerListener.log Command line argument: --add-opens=java.rmi/sun.rmi.transport=ALL-UNNAMED
01-Nov-2023 22:51:42.827 INFO [main] org.apache.catalina.startup.VersionLoggerListener.log Command line argument: -Dcatalina.home=C:\Users\Hai Nguyen\Documents\Vi\apache-tomcat-10.1.15
01-Nov-2023 22:51:42.828 INFO [main] org.apache.catalina.startup.VersionLoggerListener.log Command line argument: -Dcatalina.base=C:\Users\Hai Nguyen\Documents\Vi\intellij-workspace\387Assignment2Storefront
01-Nov-2023 22:51:42.828 INFO [main] org.apache.catalina.startup.VersionLoggerListener.log Command line argument: -Djava.io.tmpdir=C:\Users\Hai Nguyen\Documents\Vi\intellij-workspace\387Assignment2Storefront\temp
01-Nov-2023 22:51:42.835 INFO [main] org.apache.catalina.startup.VersionLoggerListener.log Command line argument: -Djava.util.logging.config.file=C:\Users\Hai Nguyen\Documents\Vi\intellij-workspace\387Assignment2Storefront\conf\logging.properties
01-Nov-2023 22:51:42.836 INFO [main] org.apache.catalina.startup.VersionLoggerListener.log Command line argument: -Djava.util.logging.manager=org.apache.juli.ClassLoaderLogManager
01-Nov-2023 22:51:42.836 INFO [main] org.apache.catalina.startup.VersionLoggerListener.log Command line argument: -javaagent:C:\Program Files\JetBrains\IntelliJ IDEA 2023.2.4\lib\idea_rt.jar=50011:C:\Program Files\JetBrains\IntelliJ IDEA 2023.2.4\bin
01-Nov-2023 22:51:42.837 INFO [main] org.apache.catalina.startup.VersionLoggerListener.log Command line argument: -Dfile.encoding=UTF-8
01-Nov-2023 22:51:42.837 INFO [main] org.apache.catalina.startup.VersionLoggerListener.log Command line argument: -Dsun.stdout.encoding=UTF-8
01-Nov-2023 22:51:42.837 INFO [main] org.apache.catalina.startup.VersionLoggerListener.log Command line argument: -Dsun.stderr.encoding=UTF-8
01-Nov-2023 22:51:42.849 INFO [main] org.apache.catalina.core.AprLifecycleListener.lifecycleEvent The Apache Tomcat Native library which allows using OpenSSL was not found on the java.library.path: [C:\Users\Hai Nguyen\.jdks\openjdk-21.0.1\bin;C:\WINDOWS\Sun\Java\bin;C:\WINDOWS\system32;C:\WINDOWS;C:\Program Files\Google\Chrome\Application;C:\WINDOWS\system32;C:\WINDOWS;C:\WINDOWS\System32\Wbem;C:\WINDOWS\System32\WindowsPowerShell\v1.0\;C:\WINDOWS\System32\OpenSSH\;C:\Users\Hai Nguyen\AppData\Local\Microsoft\WindowsApps;;.]
01-Nov-2023 22:51:43.706 INFO [main] org.apache.coyote.AbstractProtocol.init Initializing ProtocolHandler ["http-nio-8080"]
01-Nov-2023 22:51:43.746 INFO [main] org.apache.catalina.startup.Catalina.load Server initialization in [1459] milliseconds
01-Nov-2023 22:51:43.882 INFO [main] org.apache.catalina.core.StandardService.startInternal Starting service [Catalina]
01-Nov-2023 22:51:43.882 INFO [main] org.apache.catalina.core.StandardEngine.startInternal Starting Servlet engine: [Apache Tomcat/10.1.15]
01-Nov-2023 22:51:43.979 INFO [main] org.apache.catalina.startup.HostConfig.deployDescriptor Deploying deployment descriptor [C:\Users\Hai Nguyen\Documents\Vi\intellij-workspace\387Assignment2Storefront\conf\Catalina\localhost\387Assignment2Storefront.xml]
01-Nov-2023 22:51:46.656 INFO [main] org.apache.jasper.servlet.TldScanner.scanJars At least one JAR was scanned for TLDs yet contained no TLDs. Enable debug logging for this logger for a complete list of JARs that were scanned but no TLDs were found in them. Skipping unneeded JARs during scanning can improve startup time and JSP compilation time.
01-Nov-2023 22:51:46.778 INFO [main] org.apache.catalina.startup.HostConfig.deployDescriptor Deployment of deployment descriptor [C:\Users\Hai Nguyen\Documents\Vi\intellij-workspace\387Assignment2Storefront\conf\Catalina\localhost\387Assignment2Storefront.xml] has finished in [2,798] ms
01-Nov-2023 22:51:46.785 INFO [main] org.apache.coyote.AbstractProtocol.start Starting ProtocolHandler ["http-nio-8080"]
01-Nov-2023 22:51:46.843 INFO [main] org.apache.catalina.startup.Catalina.start Server startup in [3094] milliseconds
01-Nov-2023 22:58:44.275 INFO [Thread-1] org.apache.coyote.AbstractProtocol.pause Pausing ProtocolHandler ["http-nio-8080"]
01-Nov-2023 22:58:44.278 INFO [Thread-1] org.apache.catalina.core.StandardService.stopInternal Stopping service [Catalina]
01-Nov-2023 22:58:44.286 WARNING [Thread-1] org.apache.catalina.loader.WebappClassLoaderBase.clearReferencesJdbc The web application [387Assignment2Storefront] registered the JDBC driver [com.mysql.cj.jdbc.Driver] but failed to unregister it when the web application was stopped. To prevent a memory leak, the JDBC Driver has been forcibly unregistered.
01-Nov-2023 22:58:44.287 WARNING [Thread-1] org.apache.catalina.loader.WebappClassLoaderBase.clearReferencesThreads The web application [387Assignment2Storefront] appears to have started a thread named [mysql-cj-abandoned-connection-cleanup] but has failed to stop it. This is very likely to create a memory leak. Stack trace of thread:
 java.base/jdk.internal.misc.Unsafe.park(Native Method)
 java.base/java.util.concurrent.locks.LockSupport.parkNanos(LockSupport.java:269)
 java.base/java.util.concurrent.locks.AbstractQueuedSynchronizer$ConditionObject.await(AbstractQueuedSynchronizer.java:1847)
 java.base/java.lang.ref.ReferenceQueue.await(ReferenceQueue.java:71)
 java.base/java.lang.ref.ReferenceQueue.remove0(ReferenceQueue.java:143)
 java.base/java.lang.ref.ReferenceQueue.remove(ReferenceQueue.java:218)
 com.mysql.cj.jdbc.AbandonedConnectionCleanupThread.run(AbandonedConnectionCleanupThread.java:91)
 java.base/java.util.concurrent.ThreadPoolExecutor.runWorker(ThreadPoolExecutor.java:1144)
 java.base/java.util.concurrent.ThreadPoolExecutor$Worker.run(ThreadPoolExecutor.java:642)
 java.base/java.lang.Thread.run(Thread.java:1583)
01-Nov-2023 22:58:44.299 INFO [Thread-1] org.apache.coyote.AbstractProtocol.stop Stopping ProtocolHandler ["http-nio-8080"]
01-Nov-2023 22:58:44.312 INFO [Thread-1] org.apache.coyote.AbstractProtocol.destroy Destroying ProtocolHandler ["http-nio-8080"]
01-Nov-2023 22:58:50.667 INFO [main] org.apache.catalina.startup.VersionLoggerListener.log Server version name:   Apache Tomcat/10.1.15
01-Nov-2023 22:58:50.679 INFO [main] org.apache.catalina.startup.VersionLoggerListener.log Server built:          Oct 11 2023 23:38:40 UTC
01-Nov-2023 22:58:50.682 INFO [main] org.apache.catalina.startup.VersionLoggerListener.log Server version number: 10.1.15.0
01-Nov-2023 22:58:50.683 INFO [main] org.apache.catalina.startup.VersionLoggerListener.log OS Name:               Windows 10
01-Nov-2023 22:58:50.683 INFO [main] org.apache.catalina.startup.VersionLoggerListener.log OS Version:            10.0
01-Nov-2023 22:58:50.683 INFO [main] org.apache.catalina.startup.VersionLoggerListener.log Architecture:          amd64
01-Nov-2023 22:58:50.685 INFO [main] org.apache.catalina.startup.VersionLoggerListener.log Java Home:             C:\Users\Hai Nguyen\.jdks\openjdk-21.0.1
01-Nov-2023 22:58:50.685 INFO [main] org.apache.catalina.startup.VersionLoggerListener.log JVM Version:           21.0.1+12-29
01-Nov-2023 22:58:50.685 INFO [main] org.apache.catalina.startup.VersionLoggerListener.log JVM Vendor:            Oracle Corporation
01-Nov-2023 22:58:50.686 INFO [main] org.apache.catalina.startup.VersionLoggerListener.log CATALINA_BASE:         C:\Users\Hai Nguyen\Documents\Vi\intellij-workspace\387Assignment2Storefront
01-Nov-2023 22:58:50.686 INFO [main] org.apache.catalina.startup.VersionLoggerListener.log CATALINA_HOME:         C:\Users\Hai Nguyen\Documents\Vi\apache-tomcat-10.1.15
01-Nov-2023 22:58:50.705 INFO [main] org.apache.catalina.startup.VersionLoggerListener.log Command line argument: --add-opens=java.base/java.lang=ALL-UNNAMED
01-Nov-2023 22:58:50.705 INFO [main] org.apache.catalina.startup.VersionLoggerListener.log Command line argument: --add-opens=java.base/java.io=ALL-UNNAMED
01-Nov-2023 22:58:50.706 INFO [main] org.apache.catalina.startup.VersionLoggerListener.log Command line argument: --add-opens=java.base/java.util=ALL-UNNAMED
01-Nov-2023 22:58:50.706 INFO [main] org.apache.catalina.startup.VersionLoggerListener.log Command line argument: --add-opens=java.base/java.util.concurrent=ALL-UNNAMED
01-Nov-2023 22:58:50.706 INFO [main] org.apache.catalina.startup.VersionLoggerListener.log Command line argument: --add-opens=java.rmi/sun.rmi.transport=ALL-UNNAMED
01-Nov-2023 22:58:50.707 INFO [main] org.apache.catalina.startup.VersionLoggerListener.log Command line argument: -Dcatalina.home=C:\Users\Hai Nguyen\Documents\Vi\apache-tomcat-10.1.15
01-Nov-2023 22:58:50.707 INFO [main] org.apache.catalina.startup.VersionLoggerListener.log Command line argument: -Dcatalina.base=C:\Users\Hai Nguyen\Documents\Vi\intellij-workspace\387Assignment2Storefront
01-Nov-2023 22:58:50.707 INFO [main] org.apache.catalina.startup.VersionLoggerListener.log Command line argument: -Djava.io.tmpdir=C:\Users\Hai Nguyen\Documents\Vi\intellij-workspace\387Assignment2Storefront\temp
01-Nov-2023 22:58:50.708 INFO [main] org.apache.catalina.startup.VersionLoggerListener.log Command line argument: -Djava.util.logging.config.file=C:\Users\Hai Nguyen\Documents\Vi\intellij-workspace\387Assignment2Storefront\conf\logging.properties
01-Nov-2023 22:58:50.708 INFO [main] org.apache.catalina.startup.VersionLoggerListener.log Command line argument: -Djava.util.logging.manager=org.apache.juli.ClassLoaderLogManager
01-Nov-2023 22:58:50.709 INFO [main] org.apache.catalina.startup.VersionLoggerListener.log Command line argument: -javaagent:C:\Program Files\JetBrains\IntelliJ IDEA 2023.2.4\lib\idea_rt.jar=50072:C:\Program Files\JetBrains\IntelliJ IDEA 2023.2.4\bin
01-Nov-2023 22:58:50.709 INFO [main] org.apache.catalina.startup.VersionLoggerListener.log Command line argument: -Dfile.encoding=UTF-8
01-Nov-2023 22:58:50.709 INFO [main] org.apache.catalina.startup.VersionLoggerListener.log Command line argument: -Dsun.stdout.encoding=UTF-8
01-Nov-2023 22:58:50.709 INFO [main] org.apache.catalina.startup.VersionLoggerListener.log Command line argument: -Dsun.stderr.encoding=UTF-8
01-Nov-2023 22:58:50.719 INFO [main] org.apache.catalina.core.AprLifecycleListener.lifecycleEvent The Apache Tomcat Native library which allows using OpenSSL was not found on the java.library.path: [C:\Users\Hai Nguyen\.jdks\openjdk-21.0.1\bin;C:\WINDOWS\Sun\Java\bin;C:\WINDOWS\system32;C:\WINDOWS;C:\Program Files\Google\Chrome\Application;C:\WINDOWS\system32;C:\WINDOWS;C:\WINDOWS\System32\Wbem;C:\WINDOWS\System32\WindowsPowerShell\v1.0\;C:\WINDOWS\System32\OpenSSH\;C:\Users\Hai Nguyen\AppData\Local\Microsoft\WindowsApps;;.]
01-Nov-2023 22:58:51.693 INFO [main] org.apache.coyote.AbstractProtocol.init Initializing ProtocolHandler ["http-nio-8080"]
01-Nov-2023 22:58:51.750 INFO [main] org.apache.catalina.startup.Catalina.load Server initialization in [1649] milliseconds
01-Nov-2023 22:58:51.947 INFO [main] org.apache.catalina.core.StandardService.startInternal Starting service [Catalina]
01-Nov-2023 22:58:51.950 INFO [main] org.apache.catalina.core.StandardEngine.startInternal Starting Servlet engine: [Apache Tomcat/10.1.15]
01-Nov-2023 22:58:52.017 INFO [main] org.apache.catalina.startup.HostConfig.deployDescriptor Deploying deployment descriptor [C:\Users\Hai Nguyen\Documents\Vi\intellij-workspace\387Assignment2Storefront\conf\Catalina\localhost\387Assignment2Storefront.xml]
01-Nov-2023 22:58:54.597 INFO [main] org.apache.jasper.servlet.TldScanner.scanJars At least one JAR was scanned for TLDs yet contained no TLDs. Enable debug logging for this logger for a complete list of JARs that were scanned but no TLDs were found in them. Skipping unneeded JARs during scanning can improve startup time and JSP compilation time.
01-Nov-2023 22:58:54.707 INFO [main] org.apache.catalina.startup.HostConfig.deployDescriptor Deployment of deployment descriptor [C:\Users\Hai Nguyen\Documents\Vi\intellij-workspace\387Assignment2Storefront\conf\Catalina\localhost\387Assignment2Storefront.xml] has finished in [2,688] ms
01-Nov-2023 22:58:54.714 INFO [main] org.apache.coyote.AbstractProtocol.start Starting ProtocolHandler ["http-nio-8080"]
01-Nov-2023 22:58:54.765 INFO [main] org.apache.catalina.startup.Catalina.start Server startup in [3012] milliseconds
01-Nov-2023 22:59:27.369 INFO [Thread-1] org.apache.coyote.AbstractProtocol.pause Pausing ProtocolHandler ["http-nio-8080"]
01-Nov-2023 22:59:27.375 INFO [Thread-1] org.apache.catalina.core.StandardService.stopInternal Stopping service [Catalina]
01-Nov-2023 22:59:27.382 WARNING [Thread-1] org.apache.catalina.loader.WebappClassLoaderBase.clearReferencesJdbc The web application [387Assignment2Storefront] registered the JDBC driver [com.mysql.cj.jdbc.Driver] but failed to unregister it when the web application was stopped. To prevent a memory leak, the JDBC Driver has been forcibly unregistered.
01-Nov-2023 22:59:27.383 WARNING [Thread-1] org.apache.catalina.loader.WebappClassLoaderBase.clearReferencesThreads The web application [387Assignment2Storefront] appears to have started a thread named [mysql-cj-abandoned-connection-cleanup] but has failed to stop it. This is very likely to create a memory leak. Stack trace of thread:
 java.base/jdk.internal.misc.Unsafe.park(Native Method)
 java.base/java.util.concurrent.locks.LockSupport.parkNanos(LockSupport.java:269)
 java.base/java.util.concurrent.locks.AbstractQueuedSynchronizer$ConditionObject.await(AbstractQueuedSynchronizer.java:1847)
 java.base/java.lang.ref.ReferenceQueue.await(ReferenceQueue.java:71)
 java.base/java.lang.ref.ReferenceQueue.remove0(ReferenceQueue.java:143)
 java.base/java.lang.ref.ReferenceQueue.remove(ReferenceQueue.java:218)
 com.mysql.cj.jdbc.AbandonedConnectionCleanupThread.run(AbandonedConnectionCleanupThread.java:91)
 java.base/java.util.concurrent.ThreadPoolExecutor.runWorker(ThreadPoolExecutor.java:1144)
 java.base/java.util.concurrent.ThreadPoolExecutor$Worker.run(ThreadPoolExecutor.java:642)
 java.base/java.lang.Thread.run(Thread.java:1583)
01-Nov-2023 22:59:27.398 INFO [Thread-1] org.apache.coyote.AbstractProtocol.stop Stopping ProtocolHandler ["http-nio-8080"]
01-Nov-2023 22:59:27.410 INFO [Thread-1] org.apache.coyote.AbstractProtocol.destroy Destroying ProtocolHandler ["http-nio-8080"]
01-Nov-2023 22:59:38.247 INFO [main] org.apache.catalina.startup.VersionLoggerListener.log Server version name:   Apache Tomcat/10.1.15
01-Nov-2023 22:59:38.255 INFO [main] org.apache.catalina.startup.VersionLoggerListener.log Server built:          Oct 11 2023 23:38:40 UTC
01-Nov-2023 22:59:38.256 INFO [main] org.apache.catalina.startup.VersionLoggerListener.log Server version number: 10.1.15.0
01-Nov-2023 22:59:38.256 INFO [main] org.apache.catalina.startup.VersionLoggerListener.log OS Name:               Windows 10
01-Nov-2023 22:59:38.256 INFO [main] org.apache.catalina.startup.VersionLoggerListener.log OS Version:            10.0
01-Nov-2023 22:59:38.257 INFO [main] org.apache.catalina.startup.VersionLoggerListener.log Architecture:          amd64
01-Nov-2023 22:59:38.257 INFO [main] org.apache.catalina.startup.VersionLoggerListener.log Java Home:             C:\Users\Hai Nguyen\.jdks\openjdk-21.0.1
01-Nov-2023 22:59:38.257 INFO [main] org.apache.catalina.startup.VersionLoggerListener.log JVM Version:           21.0.1+12-29
01-Nov-2023 22:59:38.258 INFO [main] org.apache.catalina.startup.VersionLoggerListener.log JVM Vendor:            Oracle Corporation
01-Nov-2023 22:59:38.258 INFO [main] org.apache.catalina.startup.VersionLoggerListener.log CATALINA_BASE:         C:\Users\Hai Nguyen\Documents\Vi\intellij-workspace\387Assignment2Storefront
01-Nov-2023 22:59:38.258 INFO [main] org.apache.catalina.startup.VersionLoggerListener.log CATALINA_HOME:         C:\Users\Hai Nguyen\Documents\Vi\apache-tomcat-10.1.15
01-Nov-2023 22:59:38.278 INFO [main] org.apache.catalina.startup.VersionLoggerListener.log Command line argument: --add-opens=java.base/java.lang=ALL-UNNAMED
01-Nov-2023 22:59:38.279 INFO [main] org.apache.catalina.startup.VersionLoggerListener.log Command line argument: --add-opens=java.base/java.io=ALL-UNNAMED
01-Nov-2023 22:59:38.280 INFO [main] org.apache.catalina.startup.VersionLoggerListener.log Command line argument: --add-opens=java.base/java.util=ALL-UNNAMED
01-Nov-2023 22:59:38.280 INFO [main] org.apache.catalina.startup.VersionLoggerListener.log Command line argument: --add-opens=java.base/java.util.concurrent=ALL-UNNAMED
01-Nov-2023 22:59:38.281 INFO [main] org.apache.catalina.startup.VersionLoggerListener.log Command line argument: --add-opens=java.rmi/sun.rmi.transport=ALL-UNNAMED
01-Nov-2023 22:59:38.281 INFO [main] org.apache.catalina.startup.VersionLoggerListener.log Command line argument: -Dcatalina.home=C:\Users\Hai Nguyen\Documents\Vi\apache-tomcat-10.1.15
01-Nov-2023 22:59:38.281 INFO [main] org.apache.catalina.startup.VersionLoggerListener.log Command line argument: -Dcatalina.base=C:\Users\Hai Nguyen\Documents\Vi\intellij-workspace\387Assignment2Storefront
01-Nov-2023 22:59:38.281 INFO [main] org.apache.catalina.startup.VersionLoggerListener.log Command line argument: -Djava.io.tmpdir=C:\Users\Hai Nguyen\Documents\Vi\intellij-workspace\387Assignment2Storefront\temp
01-Nov-2023 22:59:38.282 INFO [main] org.apache.catalina.startup.VersionLoggerListener.log Command line argument: -Djava.util.logging.config.file=C:\Users\Hai Nguyen\Documents\Vi\intellij-workspace\387Assignment2Storefront\conf\logging.properties
01-Nov-2023 22:59:38.282 INFO [main] org.apache.catalina.startup.VersionLoggerListener.log Command line argument: -Djava.util.logging.manager=org.apache.juli.ClassLoaderLogManager
01-Nov-2023 22:59:38.282 INFO [main] org.apache.catalina.startup.VersionLoggerListener.log Command line argument: -javaagent:C:\Program Files\JetBrains\IntelliJ IDEA 2023.2.4\lib\idea_rt.jar=50080:C:\Program Files\JetBrains\IntelliJ IDEA 2023.2.4\bin
01-Nov-2023 22:59:38.282 INFO [main] org.apache.catalina.startup.VersionLoggerListener.log Command line argument: -Dfile.encoding=UTF-8
01-Nov-2023 22:59:38.283 INFO [main] org.apache.catalina.startup.VersionLoggerListener.log Command line argument: -Dsun.stdout.encoding=UTF-8
01-Nov-2023 22:59:38.283 INFO [main] org.apache.catalina.startup.VersionLoggerListener.log Command line argument: -Dsun.stderr.encoding=UTF-8
01-Nov-2023 22:59:38.292 INFO [main] org.apache.catalina.core.AprLifecycleListener.lifecycleEvent The Apache Tomcat Native library which allows using OpenSSL was not found on the java.library.path: [C:\Users\Hai Nguyen\.jdks\openjdk-21.0.1\bin;C:\WINDOWS\Sun\Java\bin;C:\WINDOWS\system32;C:\WINDOWS;C:\Program Files\Google\Chrome\Application;C:\WINDOWS\system32;C:\WINDOWS;C:\WINDOWS\System32\Wbem;C:\WINDOWS\System32\WindowsPowerShell\v1.0\;C:\WINDOWS\System32\OpenSSH\;C:\Users\Hai Nguyen\AppData\Local\Microsoft\WindowsApps;;.]
01-Nov-2023 22:59:39.177 INFO [main] org.apache.coyote.AbstractProtocol.init Initializing ProtocolHandler ["http-nio-8080"]
01-Nov-2023 22:59:39.227 INFO [main] org.apache.catalina.startup.Catalina.load Server initialization in [1406] milliseconds
01-Nov-2023 22:59:39.334 INFO [main] org.apache.catalina.core.StandardService.startInternal Starting service [Catalina]
01-Nov-2023 22:59:39.335 INFO [main] org.apache.catalina.core.StandardEngine.startInternal Starting Servlet engine: [Apache Tomcat/10.1.15]
01-Nov-2023 22:59:39.361 INFO [main] org.apache.catalina.startup.HostConfig.deployDescriptor Deploying deployment descriptor [C:\Users\Hai Nguyen\Documents\Vi\intellij-workspace\387Assignment2Storefront\conf\Catalina\localhost\387Assignment2Storefront.xml]
01-Nov-2023 22:59:41.413 INFO [main] org.apache.jasper.servlet.TldScanner.scanJars At least one JAR was scanned for TLDs yet contained no TLDs. Enable debug logging for this logger for a complete list of JARs that were scanned but no TLDs were found in them. Skipping unneeded JARs during scanning can improve startup time and JSP compilation time.
01-Nov-2023 22:59:41.526 INFO [main] org.apache.catalina.startup.HostConfig.deployDescriptor Deployment of deployment descriptor [C:\Users\Hai Nguyen\Documents\Vi\intellij-workspace\387Assignment2Storefront\conf\Catalina\localhost\387Assignment2Storefront.xml] has finished in [2,164] ms
01-Nov-2023 22:59:41.534 INFO [main] org.apache.coyote.AbstractProtocol.start Starting ProtocolHandler ["http-nio-8080"]
01-Nov-2023 22:59:41.594 INFO [main] org.apache.catalina.startup.Catalina.start Server startup in [2365] milliseconds
01-Nov-2023 23:03:27.268 INFO [Thread-1] org.apache.coyote.AbstractProtocol.pause Pausing ProtocolHandler ["http-nio-8080"]
01-Nov-2023 23:03:27.273 INFO [Thread-1] org.apache.catalina.core.StandardService.stopInternal Stopping service [Catalina]
01-Nov-2023 23:03:27.285 WARNING [Thread-1] org.apache.catalina.loader.WebappClassLoaderBase.clearReferencesJdbc The web application [387Assignment2Storefront] registered the JDBC driver [com.mysql.cj.jdbc.Driver] but failed to unregister it when the web application was stopped. To prevent a memory leak, the JDBC Driver has been forcibly unregistered.
01-Nov-2023 23:03:27.286 WARNING [Thread-1] org.apache.catalina.loader.WebappClassLoaderBase.clearReferencesThreads The web application [387Assignment2Storefront] appears to have started a thread named [mysql-cj-abandoned-connection-cleanup] but has failed to stop it. This is very likely to create a memory leak. Stack trace of thread:
 java.base/jdk.internal.misc.Unsafe.park(Native Method)
 java.base/java.util.concurrent.locks.LockSupport.parkNanos(LockSupport.java:269)
 java.base/java.util.concurrent.locks.AbstractQueuedSynchronizer$ConditionObject.await(AbstractQueuedSynchronizer.java:1847)
 java.base/java.lang.ref.ReferenceQueue.await(ReferenceQueue.java:71)
 java.base/java.lang.ref.ReferenceQueue.remove0(ReferenceQueue.java:143)
 java.base/java.lang.ref.ReferenceQueue.remove(ReferenceQueue.java:218)
 com.mysql.cj.jdbc.AbandonedConnectionCleanupThread.run(AbandonedConnectionCleanupThread.java:91)
 java.base/java.util.concurrent.ThreadPoolExecutor.runWorker(ThreadPoolExecutor.java:1144)
 java.base/java.util.concurrent.ThreadPoolExecutor$Worker.run(ThreadPoolExecutor.java:642)
 java.base/java.lang.Thread.run(Thread.java:1583)
01-Nov-2023 23:03:27.317 INFO [Thread-1] org.apache.coyote.AbstractProtocol.stop Stopping ProtocolHandler ["http-nio-8080"]
01-Nov-2023 23:03:27.333 INFO [Thread-1] org.apache.coyote.AbstractProtocol.destroy Destroying ProtocolHandler ["http-nio-8080"]
01-Nov-2023 23:03:45.914 INFO [main] org.apache.catalina.startup.VersionLoggerListener.log Server version name:   Apache Tomcat/10.1.15
01-Nov-2023 23:03:45.922 INFO [main] org.apache.catalina.startup.VersionLoggerListener.log Server built:          Oct 11 2023 23:38:40 UTC
01-Nov-2023 23:03:45.923 INFO [main] org.apache.catalina.startup.VersionLoggerListener.log Server version number: 10.1.15.0
01-Nov-2023 23:03:45.923 INFO [main] org.apache.catalina.startup.VersionLoggerListener.log OS Name:               Windows 10
01-Nov-2023 23:03:45.923 INFO [main] org.apache.catalina.startup.VersionLoggerListener.log OS Version:            10.0
01-Nov-2023 23:03:45.923 INFO [main] org.apache.catalina.startup.VersionLoggerListener.log Architecture:          amd64
01-Nov-2023 23:03:45.923 INFO [main] org.apache.catalina.startup.VersionLoggerListener.log Java Home:             C:\Users\Hai Nguyen\.jdks\openjdk-21.0.1
01-Nov-2023 23:03:45.924 INFO [main] org.apache.catalina.startup.VersionLoggerListener.log JVM Version:           21.0.1+12-29
01-Nov-2023 23:03:45.924 INFO [main] org.apache.catalina.startup.VersionLoggerListener.log JVM Vendor:            Oracle Corporation
01-Nov-2023 23:03:45.924 INFO [main] org.apache.catalina.startup.VersionLoggerListener.log CATALINA_BASE:         C:\Users\Hai Nguyen\Documents\Vi\intellij-workspace\387Assignment2Storefront
01-Nov-2023 23:03:45.924 INFO [main] org.apache.catalina.startup.VersionLoggerListener.log CATALINA_HOME:         C:\Users\Hai Nguyen\Documents\Vi\apache-tomcat-10.1.15
01-Nov-2023 23:03:45.948 INFO [main] org.apache.catalina.startup.VersionLoggerListener.log Command line argument: --add-opens=java.base/java.lang=ALL-UNNAMED
01-Nov-2023 23:03:45.948 INFO [main] org.apache.catalina.startup.VersionLoggerListener.log Command line argument: --add-opens=java.base/java.io=ALL-UNNAMED
01-Nov-2023 23:03:45.949 INFO [main] org.apache.catalina.startup.VersionLoggerListener.log Command line argument: --add-opens=java.base/java.util=ALL-UNNAMED
01-Nov-2023 23:03:45.949 INFO [main] org.apache.catalina.startup.VersionLoggerListener.log Command line argument: --add-opens=java.base/java.util.concurrent=ALL-UNNAMED
01-Nov-2023 23:03:45.949 INFO [main] org.apache.catalina.startup.VersionLoggerListener.log Command line argument: --add-opens=java.rmi/sun.rmi.transport=ALL-UNNAMED
01-Nov-2023 23:03:45.950 INFO [main] org.apache.catalina.startup.VersionLoggerListener.log Command line argument: -Dcatalina.home=C:\Users\Hai Nguyen\Documents\Vi\apache-tomcat-10.1.15
01-Nov-2023 23:03:45.950 INFO [main] org.apache.catalina.startup.VersionLoggerListener.log Command line argument: -Dcatalina.base=C:\Users\Hai Nguyen\Documents\Vi\intellij-workspace\387Assignment2Storefront
01-Nov-2023 23:03:45.950 INFO [main] org.apache.catalina.startup.VersionLoggerListener.log Command line argument: -Djava.io.tmpdir=C:\Users\Hai Nguyen\Documents\Vi\intellij-workspace\387Assignment2Storefront\temp
01-Nov-2023 23:03:45.950 INFO [main] org.apache.catalina.startup.VersionLoggerListener.log Command line argument: -Djava.util.logging.config.file=C:\Users\Hai Nguyen\Documents\Vi\intellij-workspace\387Assignment2Storefront\conf\logging.properties
01-Nov-2023 23:03:45.950 INFO [main] org.apache.catalina.startup.VersionLoggerListener.log Command line argument: -Djava.util.logging.manager=org.apache.juli.ClassLoaderLogManager
01-Nov-2023 23:03:45.951 INFO [main] org.apache.catalina.startup.VersionLoggerListener.log Command line argument: -javaagent:C:\Program Files\JetBrains\IntelliJ IDEA 2023.2.4\lib\idea_rt.jar=50108:C:\Program Files\JetBrains\IntelliJ IDEA 2023.2.4\bin
01-Nov-2023 23:03:45.951 INFO [main] org.apache.catalina.startup.VersionLoggerListener.log Command line argument: -Dfile.encoding=UTF-8
01-Nov-2023 23:03:45.952 INFO [main] org.apache.catalina.startup.VersionLoggerListener.log Command line argument: -Dsun.stdout.encoding=UTF-8
01-Nov-2023 23:03:45.952 INFO [main] org.apache.catalina.startup.VersionLoggerListener.log Command line argument: -Dsun.stderr.encoding=UTF-8
01-Nov-2023 23:03:45.966 INFO [main] org.apache.catalina.core.AprLifecycleListener.lifecycleEvent The Apache Tomcat Native library which allows using OpenSSL was not found on the java.library.path: [C:\Users\Hai Nguyen\.jdks\openjdk-21.0.1\bin;C:\WINDOWS\Sun\Java\bin;C:\WINDOWS\system32;C:\WINDOWS;C:\Program Files\Google\Chrome\Application;C:\WINDOWS\system32;C:\WINDOWS;C:\WINDOWS\System32\Wbem;C:\WINDOWS\System32\WindowsPowerShell\v1.0\;C:\WINDOWS\System32\OpenSSH\;C:\Users\Hai Nguyen\AppData\Local\Microsoft\WindowsApps;;.]
01-Nov-2023 23:03:46.768 INFO [main] org.apache.coyote.AbstractProtocol.init Initializing ProtocolHandler ["http-nio-8080"]
01-Nov-2023 23:03:46.812 INFO [main] org.apache.catalina.startup.Catalina.load Server initialization in [1425] milliseconds
01-Nov-2023 23:03:46.906 INFO [main] org.apache.catalina.core.StandardService.startInternal Starting service [Catalina]
01-Nov-2023 23:03:46.906 INFO [main] org.apache.catalina.core.StandardEngine.startInternal Starting Servlet engine: [Apache Tomcat/10.1.15]
01-Nov-2023 23:03:46.932 INFO [main] org.apache.catalina.startup.HostConfig.deployDescriptor Deploying deployment descriptor [C:\Users\Hai Nguyen\Documents\Vi\intellij-workspace\387Assignment2Storefront\conf\Catalina\localhost\387Assignment2Storefront.xml]
01-Nov-2023 23:03:49.115 INFO [main] org.apache.jasper.servlet.TldScanner.scanJars At least one JAR was scanned for TLDs yet contained no TLDs. Enable debug logging for this logger for a complete list of JARs that were scanned but no TLDs were found in them. Skipping unneeded JARs during scanning can improve startup time and JSP compilation time.
01-Nov-2023 23:03:49.267 INFO [main] org.apache.catalina.startup.HostConfig.deployDescriptor Deployment of deployment descriptor [C:\Users\Hai Nguyen\Documents\Vi\intellij-workspace\387Assignment2Storefront\conf\Catalina\localhost\387Assignment2Storefront.xml] has finished in [2,333] ms
01-Nov-2023 23:03:49.274 INFO [main] org.apache.coyote.AbstractProtocol.start Starting ProtocolHandler ["http-nio-8080"]
01-Nov-2023 23:03:49.325 INFO [main] org.apache.catalina.startup.Catalina.start Server startup in [2510] milliseconds
01-Nov-2023 23:16:46.327 INFO [Thread-1] org.apache.coyote.AbstractProtocol.pause Pausing ProtocolHandler ["http-nio-8080"]
01-Nov-2023 23:16:46.332 INFO [Thread-1] org.apache.catalina.core.StandardService.stopInternal Stopping service [Catalina]
01-Nov-2023 23:16:46.341 WARNING [Thread-1] org.apache.catalina.loader.WebappClassLoaderBase.clearReferencesJdbc The web application [387Assignment2Storefront] registered the JDBC driver [com.mysql.cj.jdbc.Driver] but failed to unregister it when the web application was stopped. To prevent a memory leak, the JDBC Driver has been forcibly unregistered.
01-Nov-2023 23:16:46.342 WARNING [Thread-1] org.apache.catalina.loader.WebappClassLoaderBase.clearReferencesThreads The web application [387Assignment2Storefront] appears to have started a thread named [mysql-cj-abandoned-connection-cleanup] but has failed to stop it. This is very likely to create a memory leak. Stack trace of thread:
 java.base/jdk.internal.misc.Unsafe.park(Native Method)
 java.base/java.util.concurrent.locks.LockSupport.parkNanos(LockSupport.java:269)
 java.base/java.util.concurrent.locks.AbstractQueuedSynchronizer$ConditionObject.await(AbstractQueuedSynchronizer.java:1847)
 java.base/java.lang.ref.ReferenceQueue.await(ReferenceQueue.java:71)
 java.base/java.lang.ref.ReferenceQueue.remove0(ReferenceQueue.java:143)
 java.base/java.lang.ref.ReferenceQueue.remove(ReferenceQueue.java:218)
 com.mysql.cj.jdbc.AbandonedConnectionCleanupThread.run(AbandonedConnectionCleanupThread.java:91)
 java.base/java.util.concurrent.ThreadPoolExecutor.runWorker(ThreadPoolExecutor.java:1144)
 java.base/java.util.concurrent.ThreadPoolExecutor$Worker.run(ThreadPoolExecutor.java:642)
 java.base/java.lang.Thread.run(Thread.java:1583)
01-Nov-2023 23:16:46.369 INFO [Thread-1] org.apache.coyote.AbstractProtocol.stop Stopping ProtocolHandler ["http-nio-8080"]
01-Nov-2023 23:16:46.390 INFO [Thread-1] org.apache.coyote.AbstractProtocol.destroy Destroying ProtocolHandler ["http-nio-8080"]
01-Nov-2023 23:17:00.758 INFO [main] org.apache.catalina.startup.VersionLoggerListener.log Server version name:   Apache Tomcat/10.1.15
01-Nov-2023 23:17:00.774 INFO [main] org.apache.catalina.startup.VersionLoggerListener.log Server built:          Oct 11 2023 23:38:40 UTC
01-Nov-2023 23:17:00.775 INFO [main] org.apache.catalina.startup.VersionLoggerListener.log Server version number: 10.1.15.0
01-Nov-2023 23:17:00.775 INFO [main] org.apache.catalina.startup.VersionLoggerListener.log OS Name:               Windows 10
01-Nov-2023 23:17:00.775 INFO [main] org.apache.catalina.startup.VersionLoggerListener.log OS Version:            10.0
01-Nov-2023 23:17:00.775 INFO [main] org.apache.catalina.startup.VersionLoggerListener.log Architecture:          amd64
01-Nov-2023 23:17:00.778 INFO [main] org.apache.catalina.startup.VersionLoggerListener.log Java Home:             C:\Users\Hai Nguyen\.jdks\openjdk-21.0.1
01-Nov-2023 23:17:00.787 INFO [main] org.apache.catalina.startup.VersionLoggerListener.log JVM Version:           21.0.1+12-29
01-Nov-2023 23:17:00.788 INFO [main] org.apache.catalina.startup.VersionLoggerListener.log JVM Vendor:            Oracle Corporation
01-Nov-2023 23:17:00.789 INFO [main] org.apache.catalina.startup.VersionLoggerListener.log CATALINA_BASE:         C:\Users\Hai Nguyen\Documents\Vi\intellij-workspace\387Assignment2Storefront
01-Nov-2023 23:17:00.789 INFO [main] org.apache.catalina.startup.VersionLoggerListener.log CATALINA_HOME:         C:\Users\Hai Nguyen\Documents\Vi\apache-tomcat-10.1.15
01-Nov-2023 23:17:00.813 INFO [main] org.apache.catalina.startup.VersionLoggerListener.log Command line argument: --add-opens=java.base/java.lang=ALL-UNNAMED
01-Nov-2023 23:17:00.813 INFO [main] org.apache.catalina.startup.VersionLoggerListener.log Command line argument: --add-opens=java.base/java.io=ALL-UNNAMED
01-Nov-2023 23:17:00.814 INFO [main] org.apache.catalina.startup.VersionLoggerListener.log Command line argument: --add-opens=java.base/java.util=ALL-UNNAMED
01-Nov-2023 23:17:00.814 INFO [main] org.apache.catalina.startup.VersionLoggerListener.log Command line argument: --add-opens=java.base/java.util.concurrent=ALL-UNNAMED
01-Nov-2023 23:17:00.814 INFO [main] org.apache.catalina.startup.VersionLoggerListener.log Command line argument: --add-opens=java.rmi/sun.rmi.transport=ALL-UNNAMED
01-Nov-2023 23:17:00.815 INFO [main] org.apache.catalina.startup.VersionLoggerListener.log Command line argument: -Dcatalina.home=C:\Users\Hai Nguyen\Documents\Vi\apache-tomcat-10.1.15
01-Nov-2023 23:17:00.816 INFO [main] org.apache.catalina.startup.VersionLoggerListener.log Command line argument: -Dcatalina.base=C:\Users\Hai Nguyen\Documents\Vi\intellij-workspace\387Assignment2Storefront
01-Nov-2023 23:17:00.816 INFO [main] org.apache.catalina.startup.VersionLoggerListener.log Command line argument: -Djava.io.tmpdir=C:\Users\Hai Nguyen\Documents\Vi\intellij-workspace\387Assignment2Storefront\temp
01-Nov-2023 23:17:00.816 INFO [main] org.apache.catalina.startup.VersionLoggerListener.log Command line argument: -Djava.util.logging.config.file=C:\Users\Hai Nguyen\Documents\Vi\intellij-workspace\387Assignment2Storefront\conf\logging.properties
01-Nov-2023 23:17:00.816 INFO [main] org.apache.catalina.startup.VersionLoggerListener.log Command line argument: -Djava.util.logging.manager=org.apache.juli.ClassLoaderLogManager
01-Nov-2023 23:17:00.818 INFO [main] org.apache.catalina.startup.VersionLoggerListener.log Command line argument: -javaagent:C:\Program Files\JetBrains\IntelliJ IDEA 2023.2.4\lib\idea_rt.jar=52069:C:\Program Files\JetBrains\IntelliJ IDEA 2023.2.4\bin
01-Nov-2023 23:17:00.819 INFO [main] org.apache.catalina.startup.VersionLoggerListener.log Command line argument: -Dfile.encoding=UTF-8
01-Nov-2023 23:17:00.819 INFO [main] org.apache.catalina.startup.VersionLoggerListener.log Command line argument: -Dsun.stdout.encoding=UTF-8
01-Nov-2023 23:17:00.819 INFO [main] org.apache.catalina.startup.VersionLoggerListener.log Command line argument: -Dsun.stderr.encoding=UTF-8
01-Nov-2023 23:17:00.830 INFO [main] org.apache.catalina.core.AprLifecycleListener.lifecycleEvent The Apache Tomcat Native library which allows using OpenSSL was not found on the java.library.path: [C:\Users\Hai Nguyen\.jdks\openjdk-21.0.1\bin;C:\WINDOWS\Sun\Java\bin;C:\WINDOWS\system32;C:\WINDOWS;C:\Program Files\Google\Chrome\Application;C:\WINDOWS\system32;C:\WINDOWS;C:\WINDOWS\System32\Wbem;C:\WINDOWS\System32\WindowsPowerShell\v1.0\;C:\WINDOWS\System32\OpenSSH\;C:\Users\Hai Nguyen\AppData\Local\Microsoft\WindowsApps;;.]
01-Nov-2023 23:17:01.849 INFO [main] org.apache.coyote.AbstractProtocol.init Initializing ProtocolHandler ["http-nio-8080"]
01-Nov-2023 23:17:01.900 INFO [main] org.apache.catalina.startup.Catalina.load Server initialization in [1923] milliseconds
01-Nov-2023 23:17:02.017 INFO [main] org.apache.catalina.core.StandardService.startInternal Starting service [Catalina]
01-Nov-2023 23:17:02.017 INFO [main] org.apache.catalina.core.StandardEngine.startInternal Starting Servlet engine: [Apache Tomcat/10.1.15]
01-Nov-2023 23:17:02.051 INFO [main] org.apache.catalina.startup.HostConfig.deployDescriptor Deploying deployment descriptor [C:\Users\Hai Nguyen\Documents\Vi\intellij-workspace\387Assignment2Storefront\conf\Catalina\localhost\387Assignment2Storefront.xml]
01-Nov-2023 23:17:03.786 INFO [main] org.apache.jasper.servlet.TldScanner.scanJars At least one JAR was scanned for TLDs yet contained no TLDs. Enable debug logging for this logger for a complete list of JARs that were scanned but no TLDs were found in them. Skipping unneeded JARs during scanning can improve startup time and JSP compilation time.
01-Nov-2023 23:17:03.869 INFO [main] org.apache.catalina.startup.HostConfig.deployDescriptor Deployment of deployment descriptor [C:\Users\Hai Nguyen\Documents\Vi\intellij-workspace\387Assignment2Storefront\conf\Catalina\localhost\387Assignment2Storefront.xml] has finished in [1,818] ms
01-Nov-2023 23:17:03.874 INFO [main] org.apache.coyote.AbstractProtocol.start Starting ProtocolHandler ["http-nio-8080"]
01-Nov-2023 23:17:03.918 INFO [main] org.apache.catalina.startup.Catalina.start Server startup in [2014] milliseconds
01-Nov-2023 23:19:57.331 INFO [Thread-1] org.apache.coyote.AbstractProtocol.pause Pausing ProtocolHandler ["http-nio-8080"]
01-Nov-2023 23:19:57.336 INFO [Thread-1] org.apache.catalina.core.StandardService.stopInternal Stopping service [Catalina]
01-Nov-2023 23:19:57.343 WARNING [Thread-1] org.apache.catalina.loader.WebappClassLoaderBase.clearReferencesJdbc The web application [387Assignment2Storefront] registered the JDBC driver [com.mysql.cj.jdbc.Driver] but failed to unregister it when the web application was stopped. To prevent a memory leak, the JDBC Driver has been forcibly unregistered.
01-Nov-2023 23:19:57.343 WARNING [Thread-1] org.apache.catalina.loader.WebappClassLoaderBase.clearReferencesThreads The web application [387Assignment2Storefront] appears to have started a thread named [mysql-cj-abandoned-connection-cleanup] but has failed to stop it. This is very likely to create a memory leak. Stack trace of thread:
 java.base/jdk.internal.misc.Unsafe.park(Native Method)
 java.base/java.util.concurrent.locks.LockSupport.parkNanos(LockSupport.java:269)
 java.base/java.util.concurrent.locks.AbstractQueuedSynchronizer$ConditionObject.await(AbstractQueuedSynchronizer.java:1847)
 java.base/java.lang.ref.ReferenceQueue.await(ReferenceQueue.java:71)
 java.base/java.lang.ref.ReferenceQueue.remove0(ReferenceQueue.java:143)
 java.base/java.lang.ref.ReferenceQueue.remove(ReferenceQueue.java:218)
 com.mysql.cj.jdbc.AbandonedConnectionCleanupThread.run(AbandonedConnectionCleanupThread.java:91)
 java.base/java.util.concurrent.ThreadPoolExecutor.runWorker(ThreadPoolExecutor.java:1144)
 java.base/java.util.concurrent.ThreadPoolExecutor$Worker.run(ThreadPoolExecutor.java:642)
 java.base/java.lang.Thread.run(Thread.java:1583)
01-Nov-2023 23:19:57.351 INFO [Thread-1] org.apache.coyote.AbstractProtocol.stop Stopping ProtocolHandler ["http-nio-8080"]
01-Nov-2023 23:19:57.370 INFO [Thread-1] org.apache.coyote.AbstractProtocol.destroy Destroying ProtocolHandler ["http-nio-8080"]
01-Nov-2023 23:20:02.409 INFO [main] org.apache.catalina.startup.VersionLoggerListener.log Server version name:   Apache Tomcat/10.1.15
01-Nov-2023 23:20:02.421 INFO [main] org.apache.catalina.startup.VersionLoggerListener.log Server built:          Oct 11 2023 23:38:40 UTC
01-Nov-2023 23:20:02.421 INFO [main] org.apache.catalina.startup.VersionLoggerListener.log Server version number: 10.1.15.0
01-Nov-2023 23:20:02.423 INFO [main] org.apache.catalina.startup.VersionLoggerListener.log OS Name:               Windows 10
01-Nov-2023 23:20:02.427 INFO [main] org.apache.catalina.startup.VersionLoggerListener.log OS Version:            10.0
01-Nov-2023 23:20:02.427 INFO [main] org.apache.catalina.startup.VersionLoggerListener.log Architecture:          amd64
01-Nov-2023 23:20:02.428 INFO [main] org.apache.catalina.startup.VersionLoggerListener.log Java Home:             C:\Users\Hai Nguyen\.jdks\openjdk-21.0.1
01-Nov-2023 23:20:02.428 INFO [main] org.apache.catalina.startup.VersionLoggerListener.log JVM Version:           21.0.1+12-29
01-Nov-2023 23:20:02.429 INFO [main] org.apache.catalina.startup.VersionLoggerListener.log JVM Vendor:            Oracle Corporation
01-Nov-2023 23:20:02.430 INFO [main] org.apache.catalina.startup.VersionLoggerListener.log CATALINA_BASE:         C:\Users\Hai Nguyen\Documents\Vi\intellij-workspace\387Assignment2Storefront
01-Nov-2023 23:20:02.430 INFO [main] org.apache.catalina.startup.VersionLoggerListener.log CATALINA_HOME:         C:\Users\Hai Nguyen\Documents\Vi\apache-tomcat-10.1.15
01-Nov-2023 23:20:02.446 INFO [main] org.apache.catalina.startup.VersionLoggerListener.log Command line argument: --add-opens=java.base/java.lang=ALL-UNNAMED
01-Nov-2023 23:20:02.446 INFO [main] org.apache.catalina.startup.VersionLoggerListener.log Command line argument: --add-opens=java.base/java.io=ALL-UNNAMED
01-Nov-2023 23:20:02.446 INFO [main] org.apache.catalina.startup.VersionLoggerListener.log Command line argument: --add-opens=java.base/java.util=ALL-UNNAMED
01-Nov-2023 23:20:02.447 INFO [main] org.apache.catalina.startup.VersionLoggerListener.log Command line argument: --add-opens=java.base/java.util.concurrent=ALL-UNNAMED
01-Nov-2023 23:20:02.448 INFO [main] org.apache.catalina.startup.VersionLoggerListener.log Command line argument: --add-opens=java.rmi/sun.rmi.transport=ALL-UNNAMED
01-Nov-2023 23:20:02.448 INFO [main] org.apache.catalina.startup.VersionLoggerListener.log Command line argument: -Dcatalina.home=C:\Users\Hai Nguyen\Documents\Vi\apache-tomcat-10.1.15
01-Nov-2023 23:20:02.449 INFO [main] org.apache.catalina.startup.VersionLoggerListener.log Command line argument: -Dcatalina.base=C:\Users\Hai Nguyen\Documents\Vi\intellij-workspace\387Assignment2Storefront
01-Nov-2023 23:20:02.449 INFO [main] org.apache.catalina.startup.VersionLoggerListener.log Command line argument: -Djava.io.tmpdir=C:\Users\Hai Nguyen\Documents\Vi\intellij-workspace\387Assignment2Storefront\temp
01-Nov-2023 23:20:02.449 INFO [main] org.apache.catalina.startup.VersionLoggerListener.log Command line argument: -Djava.util.logging.config.file=C:\Users\Hai Nguyen\Documents\Vi\intellij-workspace\387Assignment2Storefront\conf\logging.properties
01-Nov-2023 23:20:02.449 INFO [main] org.apache.catalina.startup.VersionLoggerListener.log Command line argument: -Djava.util.logging.manager=org.apache.juli.ClassLoaderLogManager
01-Nov-2023 23:20:02.450 INFO [main] org.apache.catalina.startup.VersionLoggerListener.log Command line argument: -javaagent:C:\Program Files\JetBrains\IntelliJ IDEA 2023.2.4\lib\idea_rt.jar=52088:C:\Program Files\JetBrains\IntelliJ IDEA 2023.2.4\bin
01-Nov-2023 23:20:02.450 INFO [main] org.apache.catalina.startup.VersionLoggerListener.log Command line argument: -Dfile.encoding=UTF-8
01-Nov-2023 23:20:02.450 INFO [main] org.apache.catalina.startup.VersionLoggerListener.log Command line argument: -Dsun.stdout.encoding=UTF-8
01-Nov-2023 23:20:02.451 INFO [main] org.apache.catalina.startup.VersionLoggerListener.log Command line argument: -Dsun.stderr.encoding=UTF-8
01-Nov-2023 23:20:02.460 INFO [main] org.apache.catalina.core.AprLifecycleListener.lifecycleEvent The Apache Tomcat Native library which allows using OpenSSL was not found on the java.library.path: [C:\Users\Hai Nguyen\.jdks\openjdk-21.0.1\bin;C:\WINDOWS\Sun\Java\bin;C:\WINDOWS\system32;C:\WINDOWS;C:\Program Files\Google\Chrome\Application;C:\WINDOWS\system32;C:\WINDOWS;C:\WINDOWS\System32\Wbem;C:\WINDOWS\System32\WindowsPowerShell\v1.0\;C:\WINDOWS\System32\OpenSSH\;C:\Users\Hai Nguyen\AppData\Local\Microsoft\WindowsApps;;.]
01-Nov-2023 23:20:03.390 INFO [main] org.apache.coyote.AbstractProtocol.init Initializing ProtocolHandler ["http-nio-8080"]
01-Nov-2023 23:20:03.443 INFO [main] org.apache.catalina.startup.Catalina.load Server initialization in [1452] milliseconds
01-Nov-2023 23:20:03.536 INFO [main] org.apache.catalina.core.StandardService.startInternal Starting service [Catalina]
01-Nov-2023 23:20:03.536 INFO [main] org.apache.catalina.core.StandardEngine.startInternal Starting Servlet engine: [Apache Tomcat/10.1.15]
01-Nov-2023 23:20:03.560 INFO [main] org.apache.catalina.startup.HostConfig.deployDescriptor Deploying deployment descriptor [C:\Users\Hai Nguyen\Documents\Vi\intellij-workspace\387Assignment2Storefront\conf\Catalina\localhost\387Assignment2Storefront.xml]
01-Nov-2023 23:20:05.635 INFO [main] org.apache.jasper.servlet.TldScanner.scanJars At least one JAR was scanned for TLDs yet contained no TLDs. Enable debug logging for this logger for a complete list of JARs that were scanned but no TLDs were found in them. Skipping unneeded JARs during scanning can improve startup time and JSP compilation time.
01-Nov-2023 23:20:05.744 INFO [main] org.apache.catalina.startup.HostConfig.deployDescriptor Deployment of deployment descriptor [C:\Users\Hai Nguyen\Documents\Vi\intellij-workspace\387Assignment2Storefront\conf\Catalina\localhost\387Assignment2Storefront.xml] has finished in [2,183] ms
01-Nov-2023 23:20:05.751 INFO [main] org.apache.coyote.AbstractProtocol.start Starting ProtocolHandler ["http-nio-8080"]
01-Nov-2023 23:20:05.805 INFO [main] org.apache.catalina.startup.Catalina.start Server startup in [2359] milliseconds
01-Nov-2023 23:27:54.544 INFO [Thread-1] org.apache.coyote.AbstractProtocol.pause Pausing ProtocolHandler ["http-nio-8080"]
01-Nov-2023 23:27:54.548 INFO [Thread-1] org.apache.catalina.core.StandardService.stopInternal Stopping service [Catalina]
01-Nov-2023 23:27:54.556 WARNING [Thread-1] org.apache.catalina.loader.WebappClassLoaderBase.clearReferencesJdbc The web application [387Assignment2Storefront] registered the JDBC driver [com.mysql.cj.jdbc.Driver] but failed to unregister it when the web application was stopped. To prevent a memory leak, the JDBC Driver has been forcibly unregistered.
01-Nov-2023 23:27:54.557 WARNING [Thread-1] org.apache.catalina.loader.WebappClassLoaderBase.clearReferencesThreads The web application [387Assignment2Storefront] appears to have started a thread named [mysql-cj-abandoned-connection-cleanup] but has failed to stop it. This is very likely to create a memory leak. Stack trace of thread:
 java.base/jdk.internal.misc.Unsafe.park(Native Method)
 java.base/java.util.concurrent.locks.LockSupport.parkNanos(LockSupport.java:269)
 java.base/java.util.concurrent.locks.AbstractQueuedSynchronizer$ConditionObject.await(AbstractQueuedSynchronizer.java:1847)
 java.base/java.lang.ref.ReferenceQueue.await(ReferenceQueue.java:71)
 java.base/java.lang.ref.ReferenceQueue.remove0(ReferenceQueue.java:143)
 java.base/java.lang.ref.ReferenceQueue.remove(ReferenceQueue.java:218)
 com.mysql.cj.jdbc.AbandonedConnectionCleanupThread.run(AbandonedConnectionCleanupThread.java:91)
 java.base/java.util.concurrent.ThreadPoolExecutor.runWorker(ThreadPoolExecutor.java:1144)
 java.base/java.util.concurrent.ThreadPoolExecutor$Worker.run(ThreadPoolExecutor.java:642)
 java.base/java.lang.Thread.run(Thread.java:1583)
01-Nov-2023 23:27:54.567 INFO [Thread-1] org.apache.coyote.AbstractProtocol.stop Stopping ProtocolHandler ["http-nio-8080"]
01-Nov-2023 23:27:54.590 INFO [Thread-1] org.apache.coyote.AbstractProtocol.destroy Destroying ProtocolHandler ["http-nio-8080"]
01-Nov-2023 23:27:59.619 INFO [main] org.apache.catalina.startup.VersionLoggerListener.log Server version name:   Apache Tomcat/10.1.15
01-Nov-2023 23:27:59.630 INFO [main] org.apache.catalina.startup.VersionLoggerListener.log Server built:          Oct 11 2023 23:38:40 UTC
01-Nov-2023 23:27:59.632 INFO [main] org.apache.catalina.startup.VersionLoggerListener.log Server version number: 10.1.15.0
01-Nov-2023 23:27:59.632 INFO [main] org.apache.catalina.startup.VersionLoggerListener.log OS Name:               Windows 10
01-Nov-2023 23:27:59.632 INFO [main] org.apache.catalina.startup.VersionLoggerListener.log OS Version:            10.0
01-Nov-2023 23:27:59.632 INFO [main] org.apache.catalina.startup.VersionLoggerListener.log Architecture:          amd64
01-Nov-2023 23:27:59.633 INFO [main] org.apache.catalina.startup.VersionLoggerListener.log Java Home:             C:\Users\Hai Nguyen\.jdks\openjdk-21.0.1
01-Nov-2023 23:27:59.633 INFO [main] org.apache.catalina.startup.VersionLoggerListener.log JVM Version:           21.0.1+12-29
01-Nov-2023 23:27:59.633 INFO [main] org.apache.catalina.startup.VersionLoggerListener.log JVM Vendor:            Oracle Corporation
01-Nov-2023 23:27:59.633 INFO [main] org.apache.catalina.startup.VersionLoggerListener.log CATALINA_BASE:         C:\Users\Hai Nguyen\Documents\Vi\intellij-workspace\387Assignment2Storefront
01-Nov-2023 23:27:59.633 INFO [main] org.apache.catalina.startup.VersionLoggerListener.log CATALINA_HOME:         C:\Users\Hai Nguyen\Documents\Vi\apache-tomcat-10.1.15
01-Nov-2023 23:27:59.654 INFO [main] org.apache.catalina.startup.VersionLoggerListener.log Command line argument: --add-opens=java.base/java.lang=ALL-UNNAMED
01-Nov-2023 23:27:59.654 INFO [main] org.apache.catalina.startup.VersionLoggerListener.log Command line argument: --add-opens=java.base/java.io=ALL-UNNAMED
01-Nov-2023 23:27:59.654 INFO [main] org.apache.catalina.startup.VersionLoggerListener.log Command line argument: --add-opens=java.base/java.util=ALL-UNNAMED
01-Nov-2023 23:27:59.655 INFO [main] org.apache.catalina.startup.VersionLoggerListener.log Command line argument: --add-opens=java.base/java.util.concurrent=ALL-UNNAMED
01-Nov-2023 23:27:59.655 INFO [main] org.apache.catalina.startup.VersionLoggerListener.log Command line argument: --add-opens=java.rmi/sun.rmi.transport=ALL-UNNAMED
01-Nov-2023 23:27:59.655 INFO [main] org.apache.catalina.startup.VersionLoggerListener.log Command line argument: -Dcatalina.home=C:\Users\Hai Nguyen\Documents\Vi\apache-tomcat-10.1.15
01-Nov-2023 23:27:59.655 INFO [main] org.apache.catalina.startup.VersionLoggerListener.log Command line argument: -Dcatalina.base=C:\Users\Hai Nguyen\Documents\Vi\intellij-workspace\387Assignment2Storefront
01-Nov-2023 23:27:59.655 INFO [main] org.apache.catalina.startup.VersionLoggerListener.log Command line argument: -Djava.io.tmpdir=C:\Users\Hai Nguyen\Documents\Vi\intellij-workspace\387Assignment2Storefront\temp
01-Nov-2023 23:27:59.655 INFO [main] org.apache.catalina.startup.VersionLoggerListener.log Command line argument: -Djava.util.logging.config.file=C:\Users\Hai Nguyen\Documents\Vi\intellij-workspace\387Assignment2Storefront\conf\logging.properties
01-Nov-2023 23:27:59.656 INFO [main] org.apache.catalina.startup.VersionLoggerListener.log Command line argument: -Djava.util.logging.manager=org.apache.juli.ClassLoaderLogManager
01-Nov-2023 23:27:59.656 INFO [main] org.apache.catalina.startup.VersionLoggerListener.log Command line argument: -javaagent:C:\Program Files\JetBrains\IntelliJ IDEA 2023.2.4\lib\idea_rt.jar=52227:C:\Program Files\JetBrains\IntelliJ IDEA 2023.2.4\bin
01-Nov-2023 23:27:59.656 INFO [main] org.apache.catalina.startup.VersionLoggerListener.log Command line argument: -Dfile.encoding=UTF-8
01-Nov-2023 23:27:59.656 INFO [main] org.apache.catalina.startup.VersionLoggerListener.log Command line argument: -Dsun.stdout.encoding=UTF-8
01-Nov-2023 23:27:59.656 INFO [main] org.apache.catalina.startup.VersionLoggerListener.log Command line argument: -Dsun.stderr.encoding=UTF-8
01-Nov-2023 23:27:59.667 INFO [main] org.apache.catalina.core.AprLifecycleListener.lifecycleEvent The Apache Tomcat Native library which allows using OpenSSL was not found on the java.library.path: [C:\Users\Hai Nguyen\.jdks\openjdk-21.0.1\bin;C:\WINDOWS\Sun\Java\bin;C:\WINDOWS\system32;C:\WINDOWS;C:\Program Files\Google\Chrome\Application;C:\WINDOWS\system32;C:\WINDOWS;C:\WINDOWS\System32\Wbem;C:\WINDOWS\System32\WindowsPowerShell\v1.0\;C:\WINDOWS\System32\OpenSSH\;C:\Users\Hai Nguyen\AppData\Local\Microsoft\WindowsApps;;.]
01-Nov-2023 23:28:00.326 INFO [main] org.apache.coyote.AbstractProtocol.init Initializing ProtocolHandler ["http-nio-8080"]
01-Nov-2023 23:28:00.364 INFO [main] org.apache.catalina.startup.Catalina.load Server initialization in [1185] milliseconds
01-Nov-2023 23:28:00.456 INFO [main] org.apache.catalina.core.StandardService.startInternal Starting service [Catalina]
01-Nov-2023 23:28:00.457 INFO [main] org.apache.catalina.core.StandardEngine.startInternal Starting Servlet engine: [Apache Tomcat/10.1.15]
01-Nov-2023 23:28:00.484 INFO [main] org.apache.catalina.startup.HostConfig.deployDescriptor Deploying deployment descriptor [C:\Users\Hai Nguyen\Documents\Vi\intellij-workspace\387Assignment2Storefront\conf\Catalina\localhost\387Assignment2Storefront.xml]
01-Nov-2023 23:28:02.622 INFO [main] org.apache.jasper.servlet.TldScanner.scanJars At least one JAR was scanned for TLDs yet contained no TLDs. Enable debug logging for this logger for a complete list of JARs that were scanned but no TLDs were found in them. Skipping unneeded JARs during scanning can improve startup time and JSP compilation time.
01-Nov-2023 23:28:02.734 INFO [main] org.apache.catalina.startup.HostConfig.deployDescriptor Deployment of deployment descriptor [C:\Users\Hai Nguyen\Documents\Vi\intellij-workspace\387Assignment2Storefront\conf\Catalina\localhost\387Assignment2Storefront.xml] has finished in [2,249] ms
01-Nov-2023 23:28:02.741 INFO [main] org.apache.coyote.AbstractProtocol.start Starting ProtocolHandler ["http-nio-8080"]
01-Nov-2023 23:28:02.796 INFO [main] org.apache.catalina.startup.Catalina.start Server startup in [2429] milliseconds
01-Nov-2023 23:34:40.328 INFO [Thread-1] org.apache.coyote.AbstractProtocol.pause Pausing ProtocolHandler ["http-nio-8080"]
01-Nov-2023 23:34:40.333 INFO [Thread-1] org.apache.catalina.core.StandardService.stopInternal Stopping service [Catalina]
01-Nov-2023 23:34:40.341 WARNING [Thread-1] org.apache.catalina.loader.WebappClassLoaderBase.clearReferencesJdbc The web application [387Assignment2Storefront] registered the JDBC driver [com.mysql.cj.jdbc.Driver] but failed to unregister it when the web application was stopped. To prevent a memory leak, the JDBC Driver has been forcibly unregistered.
01-Nov-2023 23:34:40.342 WARNING [Thread-1] org.apache.catalina.loader.WebappClassLoaderBase.clearReferencesThreads The web application [387Assignment2Storefront] appears to have started a thread named [mysql-cj-abandoned-connection-cleanup] but has failed to stop it. This is very likely to create a memory leak. Stack trace of thread:
 java.base/jdk.internal.misc.Unsafe.park(Native Method)
 java.base/java.util.concurrent.locks.LockSupport.parkNanos(LockSupport.java:269)
 java.base/java.util.concurrent.locks.AbstractQueuedSynchronizer$ConditionObject.await(AbstractQueuedSynchronizer.java:1847)
 java.base/java.lang.ref.ReferenceQueue.await(ReferenceQueue.java:71)
 java.base/java.lang.ref.ReferenceQueue.remove0(ReferenceQueue.java:143)
 java.base/java.lang.ref.ReferenceQueue.remove(ReferenceQueue.java:218)
 com.mysql.cj.jdbc.AbandonedConnectionCleanupThread.run(AbandonedConnectionCleanupThread.java:91)
 java.base/java.util.concurrent.ThreadPoolExecutor.runWorker(ThreadPoolExecutor.java:1144)
 java.base/java.util.concurrent.ThreadPoolExecutor$Worker.run(ThreadPoolExecutor.java:642)
 java.base/java.lang.Thread.run(Thread.java:1583)
01-Nov-2023 23:34:40.349 INFO [Thread-1] org.apache.coyote.AbstractProtocol.stop Stopping ProtocolHandler ["http-nio-8080"]
01-Nov-2023 23:34:40.368 INFO [Thread-1] org.apache.coyote.AbstractProtocol.destroy Destroying ProtocolHandler ["http-nio-8080"]
01-Nov-2023 23:34:45.461 INFO [main] org.apache.catalina.startup.VersionLoggerListener.log Server version name:   Apache Tomcat/10.1.15
01-Nov-2023 23:34:45.469 INFO [main] org.apache.catalina.startup.VersionLoggerListener.log Server built:          Oct 11 2023 23:38:40 UTC
01-Nov-2023 23:34:45.469 INFO [main] org.apache.catalina.startup.VersionLoggerListener.log Server version number: 10.1.15.0
01-Nov-2023 23:34:45.470 INFO [main] org.apache.catalina.startup.VersionLoggerListener.log OS Name:               Windows 10
01-Nov-2023 23:34:45.470 INFO [main] org.apache.catalina.startup.VersionLoggerListener.log OS Version:            10.0
01-Nov-2023 23:34:45.470 INFO [main] org.apache.catalina.startup.VersionLoggerListener.log Architecture:          amd64
01-Nov-2023 23:34:45.470 INFO [main] org.apache.catalina.startup.VersionLoggerListener.log Java Home:             C:\Users\Hai Nguyen\.jdks\openjdk-21.0.1
01-Nov-2023 23:34:45.471 INFO [main] org.apache.catalina.startup.VersionLoggerListener.log JVM Version:           21.0.1+12-29
01-Nov-2023 23:34:45.471 INFO [main] org.apache.catalina.startup.VersionLoggerListener.log JVM Vendor:            Oracle Corporation
01-Nov-2023 23:34:45.473 INFO [main] org.apache.catalina.startup.VersionLoggerListener.log CATALINA_BASE:         C:\Users\Hai Nguyen\Documents\Vi\intellij-workspace\387Assignment2Storefront
01-Nov-2023 23:34:45.473 INFO [main] org.apache.catalina.startup.VersionLoggerListener.log CATALINA_HOME:         C:\Users\Hai Nguyen\Documents\Vi\apache-tomcat-10.1.15
01-Nov-2023 23:34:45.492 INFO [main] org.apache.catalina.startup.VersionLoggerListener.log Command line argument: --add-opens=java.base/java.lang=ALL-UNNAMED
01-Nov-2023 23:34:45.492 INFO [main] org.apache.catalina.startup.VersionLoggerListener.log Command line argument: --add-opens=java.base/java.io=ALL-UNNAMED
01-Nov-2023 23:34:45.492 INFO [main] org.apache.catalina.startup.VersionLoggerListener.log Command line argument: --add-opens=java.base/java.util=ALL-UNNAMED
01-Nov-2023 23:34:45.493 INFO [main] org.apache.catalina.startup.VersionLoggerListener.log Command line argument: --add-opens=java.base/java.util.concurrent=ALL-UNNAMED
01-Nov-2023 23:34:45.493 INFO [main] org.apache.catalina.startup.VersionLoggerListener.log Command line argument: --add-opens=java.rmi/sun.rmi.transport=ALL-UNNAMED
01-Nov-2023 23:34:45.493 INFO [main] org.apache.catalina.startup.VersionLoggerListener.log Command line argument: -Dcatalina.home=C:\Users\Hai Nguyen\Documents\Vi\apache-tomcat-10.1.15
01-Nov-2023 23:34:45.493 INFO [main] org.apache.catalina.startup.VersionLoggerListener.log Command line argument: -Dcatalina.base=C:\Users\Hai Nguyen\Documents\Vi\intellij-workspace\387Assignment2Storefront
01-Nov-2023 23:34:45.493 INFO [main] org.apache.catalina.startup.VersionLoggerListener.log Command line argument: -Djava.io.tmpdir=C:\Users\Hai Nguyen\Documents\Vi\intellij-workspace\387Assignment2Storefront\temp
01-Nov-2023 23:34:45.494 INFO [main] org.apache.catalina.startup.VersionLoggerListener.log Command line argument: -Djava.util.logging.config.file=C:\Users\Hai Nguyen\Documents\Vi\intellij-workspace\387Assignment2Storefront\conf\logging.properties
01-Nov-2023 23:34:45.494 INFO [main] org.apache.catalina.startup.VersionLoggerListener.log Command line argument: -Djava.util.logging.manager=org.apache.juli.ClassLoaderLogManager
01-Nov-2023 23:34:45.494 INFO [main] org.apache.catalina.startup.VersionLoggerListener.log Command line argument: -javaagent:C:\Program Files\JetBrains\IntelliJ IDEA 2023.2.4\lib\idea_rt.jar=52259:C:\Program Files\JetBrains\IntelliJ IDEA 2023.2.4\bin
01-Nov-2023 23:34:45.494 INFO [main] org.apache.catalina.startup.VersionLoggerListener.log Command line argument: -Dfile.encoding=UTF-8
01-Nov-2023 23:34:45.494 INFO [main] org.apache.catalina.startup.VersionLoggerListener.log Command line argument: -Dsun.stdout.encoding=UTF-8
01-Nov-2023 23:34:45.495 INFO [main] org.apache.catalina.startup.VersionLoggerListener.log Command line argument: -Dsun.stderr.encoding=UTF-8
01-Nov-2023 23:34:45.504 INFO [main] org.apache.catalina.core.AprLifecycleListener.lifecycleEvent The Apache Tomcat Native library which allows using OpenSSL was not found on the java.library.path: [C:\Users\Hai Nguyen\.jdks\openjdk-21.0.1\bin;C:\WINDOWS\Sun\Java\bin;C:\WINDOWS\system32;C:\WINDOWS;C:\Program Files\Google\Chrome\Application;C:\WINDOWS\system32;C:\WINDOWS;C:\WINDOWS\System32\Wbem;C:\WINDOWS\System32\WindowsPowerShell\v1.0\;C:\WINDOWS\System32\OpenSSH\;C:\Users\Hai Nguyen\AppData\Local\Microsoft\WindowsApps;;.]
01-Nov-2023 23:34:46.395 INFO [main] org.apache.coyote.AbstractProtocol.init Initializing ProtocolHandler ["http-nio-8080"]
01-Nov-2023 23:34:46.441 INFO [main] org.apache.catalina.startup.Catalina.load Server initialization in [1458] milliseconds
01-Nov-2023 23:34:46.597 INFO [main] org.apache.catalina.core.StandardService.startInternal Starting service [Catalina]
01-Nov-2023 23:34:46.598 INFO [main] org.apache.catalina.core.StandardEngine.startInternal Starting Servlet engine: [Apache Tomcat/10.1.15]
01-Nov-2023 23:34:46.655 INFO [main] org.apache.catalina.startup.HostConfig.deployDescriptor Deploying deployment descriptor [C:\Users\Hai Nguyen\Documents\Vi\intellij-workspace\387Assignment2Storefront\conf\Catalina\localhost\387Assignment2Storefront.xml]
01-Nov-2023 23:34:48.730 INFO [main] org.apache.jasper.servlet.TldScanner.scanJars At least one JAR was scanned for TLDs yet contained no TLDs. Enable debug logging for this logger for a complete list of JARs that were scanned but no TLDs were found in them. Skipping unneeded JARs during scanning can improve startup time and JSP compilation time.
01-Nov-2023 23:34:48.828 INFO [main] org.apache.catalina.startup.HostConfig.deployDescriptor Deployment of deployment descriptor [C:\Users\Hai Nguyen\Documents\Vi\intellij-workspace\387Assignment2Storefront\conf\Catalina\localhost\387Assignment2Storefront.xml] has finished in [2,172] ms
01-Nov-2023 23:34:48.834 INFO [main] org.apache.coyote.AbstractProtocol.start Starting ProtocolHandler ["http-nio-8080"]
01-Nov-2023 23:34:48.881 INFO [main] org.apache.catalina.startup.Catalina.start Server startup in [2438] milliseconds
01-Nov-2023 23:36:28.610 INFO [Thread-1] org.apache.coyote.AbstractProtocol.pause Pausing ProtocolHandler ["http-nio-8080"]
01-Nov-2023 23:36:28.615 INFO [Thread-1] org.apache.catalina.core.StandardService.stopInternal Stopping service [Catalina]
01-Nov-2023 23:36:28.622 WARNING [Thread-1] org.apache.catalina.loader.WebappClassLoaderBase.clearReferencesJdbc The web application [387Assignment2Storefront] registered the JDBC driver [com.mysql.cj.jdbc.Driver] but failed to unregister it when the web application was stopped. To prevent a memory leak, the JDBC Driver has been forcibly unregistered.
01-Nov-2023 23:36:28.622 WARNING [Thread-1] org.apache.catalina.loader.WebappClassLoaderBase.clearReferencesThreads The web application [387Assignment2Storefront] appears to have started a thread named [mysql-cj-abandoned-connection-cleanup] but has failed to stop it. This is very likely to create a memory leak. Stack trace of thread:
 java.base/jdk.internal.misc.Unsafe.park(Native Method)
 java.base/java.util.concurrent.locks.LockSupport.parkNanos(LockSupport.java:269)
 java.base/java.util.concurrent.locks.AbstractQueuedSynchronizer$ConditionObject.await(AbstractQueuedSynchronizer.java:1847)
 java.base/java.lang.ref.ReferenceQueue.await(ReferenceQueue.java:71)
 java.base/java.lang.ref.ReferenceQueue.remove0(ReferenceQueue.java:143)
 java.base/java.lang.ref.ReferenceQueue.remove(ReferenceQueue.java:218)
 com.mysql.cj.jdbc.AbandonedConnectionCleanupThread.run(AbandonedConnectionCleanupThread.java:91)
 java.base/java.util.concurrent.ThreadPoolExecutor.runWorker(ThreadPoolExecutor.java:1144)
 java.base/java.util.concurrent.ThreadPoolExecutor$Worker.run(ThreadPoolExecutor.java:642)
 java.base/java.lang.Thread.run(Thread.java:1583)
01-Nov-2023 23:36:28.630 INFO [Thread-1] org.apache.coyote.AbstractProtocol.stop Stopping ProtocolHandler ["http-nio-8080"]
01-Nov-2023 23:36:28.653 INFO [Thread-1] org.apache.coyote.AbstractProtocol.destroy Destroying ProtocolHandler ["http-nio-8080"]
01-Nov-2023 23:36:34.640 INFO [main] org.apache.catalina.startup.VersionLoggerListener.log Server version name:   Apache Tomcat/10.1.15
01-Nov-2023 23:36:34.659 INFO [main] org.apache.catalina.startup.VersionLoggerListener.log Server built:          Oct 11 2023 23:38:40 UTC
01-Nov-2023 23:36:34.659 INFO [main] org.apache.catalina.startup.VersionLoggerListener.log Server version number: 10.1.15.0
01-Nov-2023 23:36:34.659 INFO [main] org.apache.catalina.startup.VersionLoggerListener.log OS Name:               Windows 10
01-Nov-2023 23:36:34.660 INFO [main] org.apache.catalina.startup.VersionLoggerListener.log OS Version:            10.0
01-Nov-2023 23:36:34.660 INFO [main] org.apache.catalina.startup.VersionLoggerListener.log Architecture:          amd64
01-Nov-2023 23:36:34.660 INFO [main] org.apache.catalina.startup.VersionLoggerListener.log Java Home:             C:\Users\Hai Nguyen\.jdks\openjdk-21.0.1
01-Nov-2023 23:36:34.660 INFO [main] org.apache.catalina.startup.VersionLoggerListener.log JVM Version:           21.0.1+12-29
01-Nov-2023 23:36:34.661 INFO [main] org.apache.catalina.startup.VersionLoggerListener.log JVM Vendor:            Oracle Corporation
01-Nov-2023 23:36:34.661 INFO [main] org.apache.catalina.startup.VersionLoggerListener.log CATALINA_BASE:         C:\Users\Hai Nguyen\Documents\Vi\intellij-workspace\387Assignment2Storefront
01-Nov-2023 23:36:34.662 INFO [main] org.apache.catalina.startup.VersionLoggerListener.log CATALINA_HOME:         C:\Users\Hai Nguyen\Documents\Vi\apache-tomcat-10.1.15
01-Nov-2023 23:36:34.678 INFO [main] org.apache.catalina.startup.VersionLoggerListener.log Command line argument: --add-opens=java.base/java.lang=ALL-UNNAMED
01-Nov-2023 23:36:34.681 INFO [main] org.apache.catalina.startup.VersionLoggerListener.log Command line argument: --add-opens=java.base/java.io=ALL-UNNAMED
01-Nov-2023 23:36:34.685 INFO [main] org.apache.catalina.startup.VersionLoggerListener.log Command line argument: --add-opens=java.base/java.util=ALL-UNNAMED
01-Nov-2023 23:36:34.687 INFO [main] org.apache.catalina.startup.VersionLoggerListener.log Command line argument: --add-opens=java.base/java.util.concurrent=ALL-UNNAMED
01-Nov-2023 23:36:34.687 INFO [main] org.apache.catalina.startup.VersionLoggerListener.log Command line argument: --add-opens=java.rmi/sun.rmi.transport=ALL-UNNAMED
01-Nov-2023 23:36:34.688 INFO [main] org.apache.catalina.startup.VersionLoggerListener.log Command line argument: -Dcatalina.home=C:\Users\Hai Nguyen\Documents\Vi\apache-tomcat-10.1.15
01-Nov-2023 23:36:34.688 INFO [main] org.apache.catalina.startup.VersionLoggerListener.log Command line argument: -Dcatalina.base=C:\Users\Hai Nguyen\Documents\Vi\intellij-workspace\387Assignment2Storefront
01-Nov-2023 23:36:34.689 INFO [main] org.apache.catalina.startup.VersionLoggerListener.log Command line argument: -Djava.io.tmpdir=C:\Users\Hai Nguyen\Documents\Vi\intellij-workspace\387Assignment2Storefront\temp
01-Nov-2023 23:36:34.689 INFO [main] org.apache.catalina.startup.VersionLoggerListener.log Command line argument: -Djava.util.logging.config.file=C:\Users\Hai Nguyen\Documents\Vi\intellij-workspace\387Assignment2Storefront\conf\logging.properties
01-Nov-2023 23:36:34.689 INFO [main] org.apache.catalina.startup.VersionLoggerListener.log Command line argument: -Djava.util.logging.manager=org.apache.juli.ClassLoaderLogManager
01-Nov-2023 23:36:34.689 INFO [main] org.apache.catalina.startup.VersionLoggerListener.log Command line argument: -javaagent:C:\Program Files\JetBrains\IntelliJ IDEA 2023.2.4\lib\idea_rt.jar=52273:C:\Program Files\JetBrains\IntelliJ IDEA 2023.2.4\bin
01-Nov-2023 23:36:34.690 INFO [main] org.apache.catalina.startup.VersionLoggerListener.log Command line argument: -Dfile.encoding=UTF-8
01-Nov-2023 23:36:34.690 INFO [main] org.apache.catalina.startup.VersionLoggerListener.log Command line argument: -Dsun.stdout.encoding=UTF-8
01-Nov-2023 23:36:34.690 INFO [main] org.apache.catalina.startup.VersionLoggerListener.log Command line argument: -Dsun.stderr.encoding=UTF-8
01-Nov-2023 23:36:34.703 INFO [main] org.apache.catalina.core.AprLifecycleListener.lifecycleEvent The Apache Tomcat Native library which allows using OpenSSL was not found on the java.library.path: [C:\Users\Hai Nguyen\.jdks\openjdk-21.0.1\bin;C:\WINDOWS\Sun\Java\bin;C:\WINDOWS\system32;C:\WINDOWS;C:\Program Files\Google\Chrome\Application;C:\WINDOWS\system32;C:\WINDOWS;C:\WINDOWS\System32\Wbem;C:\WINDOWS\System32\WindowsPowerShell\v1.0\;C:\WINDOWS\System32\OpenSSH\;C:\Users\Hai Nguyen\AppData\Local\Microsoft\WindowsApps;;.]
01-Nov-2023 23:36:35.907 INFO [main] org.apache.coyote.AbstractProtocol.init Initializing ProtocolHandler ["http-nio-8080"]
01-Nov-2023 23:36:35.944 INFO [main] org.apache.catalina.startup.Catalina.load Server initialization in [2033] milliseconds
01-Nov-2023 23:36:36.040 INFO [main] org.apache.catalina.core.StandardService.startInternal Starting service [Catalina]
01-Nov-2023 23:36:36.040 INFO [main] org.apache.catalina.core.StandardEngine.startInternal Starting Servlet engine: [Apache Tomcat/10.1.15]
01-Nov-2023 23:36:36.068 INFO [main] org.apache.catalina.startup.HostConfig.deployDescriptor Deploying deployment descriptor [C:\Users\Hai Nguyen\Documents\Vi\intellij-workspace\387Assignment2Storefront\conf\Catalina\localhost\387Assignment2Storefront.xml]
01-Nov-2023 23:36:39.161 INFO [main] org.apache.jasper.servlet.TldScanner.scanJars At least one JAR was scanned for TLDs yet contained no TLDs. Enable debug logging for this logger for a complete list of JARs that were scanned but no TLDs were found in them. Skipping unneeded JARs during scanning can improve startup time and JSP compilation time.
01-Nov-2023 23:36:39.289 INFO [main] org.apache.catalina.startup.HostConfig.deployDescriptor Deployment of deployment descriptor [C:\Users\Hai Nguyen\Documents\Vi\intellij-workspace\387Assignment2Storefront\conf\Catalina\localhost\387Assignment2Storefront.xml] has finished in [3,219] ms
01-Nov-2023 23:36:39.296 INFO [main] org.apache.coyote.AbstractProtocol.start Starting ProtocolHandler ["http-nio-8080"]
01-Nov-2023 23:36:39.357 INFO [main] org.apache.catalina.startup.Catalina.start Server startup in [3410] milliseconds
01-Nov-2023 23:52:41.472 INFO [main] org.apache.catalina.startup.VersionLoggerListener.log Server version name:   Apache Tomcat/10.1.15
01-Nov-2023 23:52:41.489 INFO [main] org.apache.catalina.startup.VersionLoggerListener.log Server built:          Oct 11 2023 23:38:40 UTC
01-Nov-2023 23:52:41.490 INFO [main] org.apache.catalina.startup.VersionLoggerListener.log Server version number: 10.1.15.0
01-Nov-2023 23:52:41.490 INFO [main] org.apache.catalina.startup.VersionLoggerListener.log OS Name:               Windows 10
01-Nov-2023 23:52:41.491 INFO [main] org.apache.catalina.startup.VersionLoggerListener.log OS Version:            10.0
01-Nov-2023 23:52:41.492 INFO [main] org.apache.catalina.startup.VersionLoggerListener.log Architecture:          amd64
01-Nov-2023 23:52:41.492 INFO [main] org.apache.catalina.startup.VersionLoggerListener.log Java Home:             C:\Users\Hai Nguyen\.jdks\openjdk-21.0.1
01-Nov-2023 23:52:41.492 INFO [main] org.apache.catalina.startup.VersionLoggerListener.log JVM Version:           21.0.1+12-29
01-Nov-2023 23:52:41.492 INFO [main] org.apache.catalina.startup.VersionLoggerListener.log JVM Vendor:            Oracle Corporation
01-Nov-2023 23:52:41.493 INFO [main] org.apache.catalina.startup.VersionLoggerListener.log CATALINA_BASE:         C:\Users\Hai Nguyen\Documents\Vi\intellij-workspace\387Assignment2Storefront
01-Nov-2023 23:52:41.493 INFO [main] org.apache.catalina.startup.VersionLoggerListener.log CATALINA_HOME:         C:\Users\Hai Nguyen\Documents\Vi\apache-tomcat-10.1.15
01-Nov-2023 23:52:41.517 INFO [main] org.apache.catalina.startup.VersionLoggerListener.log Command line argument: --add-opens=java.base/java.lang=ALL-UNNAMED
01-Nov-2023 23:52:41.518 INFO [main] org.apache.catalina.startup.VersionLoggerListener.log Command line argument: --add-opens=java.base/java.io=ALL-UNNAMED
01-Nov-2023 23:52:41.518 INFO [main] org.apache.catalina.startup.VersionLoggerListener.log Command line argument: --add-opens=java.base/java.util=ALL-UNNAMED
01-Nov-2023 23:52:41.518 INFO [main] org.apache.catalina.startup.VersionLoggerListener.log Command line argument: --add-opens=java.base/java.util.concurrent=ALL-UNNAMED
01-Nov-2023 23:52:41.518 INFO [main] org.apache.catalina.startup.VersionLoggerListener.log Command line argument: --add-opens=java.rmi/sun.rmi.transport=ALL-UNNAMED
01-Nov-2023 23:52:41.519 INFO [main] org.apache.catalina.startup.VersionLoggerListener.log Command line argument: -Dcatalina.home=C:\Users\Hai Nguyen\Documents\Vi\apache-tomcat-10.1.15
01-Nov-2023 23:52:41.519 INFO [main] org.apache.catalina.startup.VersionLoggerListener.log Command line argument: -Dcatalina.base=C:\Users\Hai Nguyen\Documents\Vi\intellij-workspace\387Assignment2Storefront
01-Nov-2023 23:52:41.519 INFO [main] org.apache.catalina.startup.VersionLoggerListener.log Command line argument: -Djava.io.tmpdir=C:\Users\Hai Nguyen\Documents\Vi\intellij-workspace\387Assignment2Storefront\temp
01-Nov-2023 23:52:41.519 INFO [main] org.apache.catalina.startup.VersionLoggerListener.log Command line argument: -Djava.util.logging.config.file=C:\Users\Hai Nguyen\Documents\Vi\intellij-workspace\387Assignment2Storefront\conf\logging.properties
01-Nov-2023 23:52:41.519 INFO [main] org.apache.catalina.startup.VersionLoggerListener.log Command line argument: -Djava.util.logging.manager=org.apache.juli.ClassLoaderLogManager
01-Nov-2023 23:52:41.520 INFO [main] org.apache.catalina.startup.VersionLoggerListener.log Command line argument: -javaagent:C:\Program Files\JetBrains\IntelliJ IDEA 2023.2.4\lib\idea_rt.jar=52378:C:\Program Files\JetBrains\IntelliJ IDEA 2023.2.4\bin
01-Nov-2023 23:52:41.520 INFO [main] org.apache.catalina.startup.VersionLoggerListener.log Command line argument: -Dfile.encoding=UTF-8
01-Nov-2023 23:52:41.521 INFO [main] org.apache.catalina.startup.VersionLoggerListener.log Command line argument: -Dsun.stdout.encoding=UTF-8
01-Nov-2023 23:52:41.521 INFO [main] org.apache.catalina.startup.VersionLoggerListener.log Command line argument: -Dsun.stderr.encoding=UTF-8
01-Nov-2023 23:52:41.533 INFO [main] org.apache.catalina.core.AprLifecycleListener.lifecycleEvent The Apache Tomcat Native library which allows using OpenSSL was not found on the java.library.path: [C:\Users\Hai Nguyen\.jdks\openjdk-21.0.1\bin;C:\WINDOWS\Sun\Java\bin;C:\WINDOWS\system32;C:\WINDOWS;C:\Program Files\Google\Chrome\Application;C:\WINDOWS\system32;C:\WINDOWS;C:\WINDOWS\System32\Wbem;C:\WINDOWS\System32\WindowsPowerShell\v1.0\;C:\WINDOWS\System32\OpenSSH\;C:\Users\Hai Nguyen\AppData\Local\Microsoft\WindowsApps;;.]
01-Nov-2023 23:52:42.199 INFO [main] org.apache.coyote.AbstractProtocol.init Initializing ProtocolHandler ["http-nio-8080"]
01-Nov-2023 23:52:42.238 INFO [main] org.apache.catalina.startup.Catalina.load Server initialization in [1202] milliseconds
01-Nov-2023 23:52:42.368 INFO [main] org.apache.catalina.core.StandardService.startInternal Starting service [Catalina]
01-Nov-2023 23:52:42.368 INFO [main] org.apache.catalina.core.StandardEngine.startInternal Starting Servlet engine: [Apache Tomcat/10.1.15]
01-Nov-2023 23:52:42.414 INFO [main] org.apache.catalina.startup.HostConfig.deployDescriptor Deploying deployment descriptor [C:\Users\Hai Nguyen\Documents\Vi\intellij-workspace\387Assignment2Storefront\conf\Catalina\localhost\387Assignment2Storefront.xml]
01-Nov-2023 23:52:44.487 INFO [main] org.apache.jasper.servlet.TldScanner.scanJars At least one JAR was scanned for TLDs yet contained no TLDs. Enable debug logging for this logger for a complete list of JARs that were scanned but no TLDs were found in them. Skipping unneeded JARs during scanning can improve startup time and JSP compilation time.
01-Nov-2023 23:52:44.584 INFO [main] org.apache.catalina.startup.HostConfig.deployDescriptor Deployment of deployment descriptor [C:\Users\Hai Nguyen\Documents\Vi\intellij-workspace\387Assignment2Storefront\conf\Catalina\localhost\387Assignment2Storefront.xml] has finished in [2,170] ms
01-Nov-2023 23:52:44.591 INFO [main] org.apache.coyote.AbstractProtocol.start Starting ProtocolHandler ["http-nio-8080"]
01-Nov-2023 23:52:44.639 INFO [main] org.apache.catalina.startup.Catalina.start Server startup in [2398] milliseconds
01-Nov-2023 23:53:29.803 INFO [Thread-1] org.apache.coyote.AbstractProtocol.pause Pausing ProtocolHandler ["http-nio-8080"]
01-Nov-2023 23:53:29.807 INFO [Thread-1] org.apache.catalina.core.StandardService.stopInternal Stopping service [Catalina]
01-Nov-2023 23:53:29.814 WARNING [Thread-1] org.apache.catalina.loader.WebappClassLoaderBase.clearReferencesJdbc The web application [387Assignment2Storefront] registered the JDBC driver [com.mysql.cj.jdbc.Driver] but failed to unregister it when the web application was stopped. To prevent a memory leak, the JDBC Driver has been forcibly unregistered.
01-Nov-2023 23:53:29.815 WARNING [Thread-1] org.apache.catalina.loader.WebappClassLoaderBase.clearReferencesThreads The web application [387Assignment2Storefront] appears to have started a thread named [mysql-cj-abandoned-connection-cleanup] but has failed to stop it. This is very likely to create a memory leak. Stack trace of thread:
 java.base/jdk.internal.misc.Unsafe.park(Native Method)
 java.base/java.util.concurrent.locks.LockSupport.parkNanos(LockSupport.java:269)
 java.base/java.util.concurrent.locks.AbstractQueuedSynchronizer$ConditionObject.await(AbstractQueuedSynchronizer.java:1847)
 java.base/java.lang.ref.ReferenceQueue.await(ReferenceQueue.java:71)
 java.base/java.lang.ref.ReferenceQueue.remove0(ReferenceQueue.java:143)
 java.base/java.lang.ref.ReferenceQueue.remove(ReferenceQueue.java:218)
 com.mysql.cj.jdbc.AbandonedConnectionCleanupThread.run(AbandonedConnectionCleanupThread.java:91)
 java.base/java.util.concurrent.ThreadPoolExecutor.runWorker(ThreadPoolExecutor.java:1144)
 java.base/java.util.concurrent.ThreadPoolExecutor$Worker.run(ThreadPoolExecutor.java:642)
 java.base/java.lang.Thread.run(Thread.java:1583)
01-Nov-2023 23:53:29.822 INFO [Thread-1] org.apache.coyote.AbstractProtocol.stop Stopping ProtocolHandler ["http-nio-8080"]
01-Nov-2023 23:53:29.848 INFO [Thread-1] org.apache.coyote.AbstractProtocol.destroy Destroying ProtocolHandler ["http-nio-8080"]
