02-Nov-2023 00:03:28.263 INFO [main] org.apache.catalina.startup.VersionLoggerListener.log Server version name:   Apache Tomcat/10.1.15
02-Nov-2023 00:03:28.272 INFO [main] org.apache.catalina.startup.VersionLoggerListener.log Server built:          Oct 11 2023 23:38:40 UTC
02-Nov-2023 00:03:28.272 INFO [main] org.apache.catalina.startup.VersionLoggerListener.log Server version number: 10.1.15.0
02-Nov-2023 00:03:28.273 INFO [main] org.apache.catalina.startup.VersionLoggerListener.log OS Name:               Windows 10
02-Nov-2023 00:03:28.273 INFO [main] org.apache.catalina.startup.VersionLoggerListener.log OS Version:            10.0
02-Nov-2023 00:03:28.273 INFO [main] org.apache.catalina.startup.VersionLoggerListener.log Architecture:          amd64
02-Nov-2023 00:03:28.274 INFO [main] org.apache.catalina.startup.VersionLoggerListener.log Java Home:             C:\Users\Hai Nguyen\.jdks\openjdk-21.0.1
02-Nov-2023 00:03:28.274 INFO [main] org.apache.catalina.startup.VersionLoggerListener.log JVM Version:           21.0.1+12-29
02-Nov-2023 00:03:28.274 INFO [main] org.apache.catalina.startup.VersionLoggerListener.log JVM Vendor:            Oracle Corporation
02-Nov-2023 00:03:28.274 INFO [main] org.apache.catalina.startup.VersionLoggerListener.log CATALINA_BASE:         C:\Users\Hai Nguyen\Documents\Vi\intellij-workspace\387Assignment2Storefront
02-Nov-2023 00:03:28.274 INFO [main] org.apache.catalina.startup.VersionLoggerListener.log CATALINA_HOME:         C:\Users\Hai Nguyen\Documents\Vi\apache-tomcat-10.1.15
02-Nov-2023 00:03:28.293 INFO [main] org.apache.catalina.startup.VersionLoggerListener.log Command line argument: --add-opens=java.base/java.lang=ALL-UNNAMED
02-Nov-2023 00:03:28.293 INFO [main] org.apache.catalina.startup.VersionLoggerListener.log Command line argument: --add-opens=java.base/java.io=ALL-UNNAMED
02-Nov-2023 00:03:28.294 INFO [main] org.apache.catalina.startup.VersionLoggerListener.log Command line argument: --add-opens=java.base/java.util=ALL-UNNAMED
02-Nov-2023 00:03:28.294 INFO [main] org.apache.catalina.startup.VersionLoggerListener.log Command line argument: --add-opens=java.base/java.util.concurrent=ALL-UNNAMED
02-Nov-2023 00:03:28.295 INFO [main] org.apache.catalina.startup.VersionLoggerListener.log Command line argument: --add-opens=java.rmi/sun.rmi.transport=ALL-UNNAMED
02-Nov-2023 00:03:28.295 INFO [main] org.apache.catalina.startup.VersionLoggerListener.log Command line argument: -Dcatalina.home=C:\Users\Hai Nguyen\Documents\Vi\apache-tomcat-10.1.15
02-Nov-2023 00:03:28.295 INFO [main] org.apache.catalina.startup.VersionLoggerListener.log Command line argument: -Dcatalina.base=C:\Users\Hai Nguyen\Documents\Vi\intellij-workspace\387Assignment2Storefront
02-Nov-2023 00:03:28.296 INFO [main] org.apache.catalina.startup.VersionLoggerListener.log Command line argument: -Djava.io.tmpdir=C:\Users\Hai Nguyen\Documents\Vi\intellij-workspace\387Assignment2Storefront\temp
02-Nov-2023 00:03:28.296 INFO [main] org.apache.catalina.startup.VersionLoggerListener.log Command line argument: -Djava.util.logging.config.file=C:\Users\Hai Nguyen\Documents\Vi\intellij-workspace\387Assignment2Storefront\conf\logging.properties
02-Nov-2023 00:03:28.296 INFO [main] org.apache.catalina.startup.VersionLoggerListener.log Command line argument: -Djava.util.logging.manager=org.apache.juli.ClassLoaderLogManager
02-Nov-2023 00:03:28.296 INFO [main] org.apache.catalina.startup.VersionLoggerListener.log Command line argument: -javaagent:C:\Program Files\JetBrains\IntelliJ IDEA 2023.2.4\lib\idea_rt.jar=52474:C:\Program Files\JetBrains\IntelliJ IDEA 2023.2.4\bin
02-Nov-2023 00:03:28.296 INFO [main] org.apache.catalina.startup.VersionLoggerListener.log Command line argument: -Dfile.encoding=UTF-8
02-Nov-2023 00:03:28.297 INFO [main] org.apache.catalina.startup.VersionLoggerListener.log Command line argument: -Dsun.stdout.encoding=UTF-8
02-Nov-2023 00:03:28.298 INFO [main] org.apache.catalina.startup.VersionLoggerListener.log Command line argument: -Dsun.stderr.encoding=UTF-8
02-Nov-2023 00:03:28.306 INFO [main] org.apache.catalina.core.AprLifecycleListener.lifecycleEvent The Apache Tomcat Native library which allows using OpenSSL was not found on the java.library.path: [C:\Users\Hai Nguyen\.jdks\openjdk-21.0.1\bin;C:\WINDOWS\Sun\Java\bin;C:\WINDOWS\system32;C:\WINDOWS;C:\Program Files\Google\Chrome\Application;C:\WINDOWS\system32;C:\WINDOWS;C:\WINDOWS\System32\Wbem;C:\WINDOWS\System32\WindowsPowerShell\v1.0\;C:\WINDOWS\System32\OpenSSH\;C:\Users\Hai Nguyen\AppData\Local\Microsoft\WindowsApps;;.]
02-Nov-2023 00:03:29.091 INFO [main] org.apache.coyote.AbstractProtocol.init Initializing ProtocolHandler ["http-nio-8080"]
02-Nov-2023 00:03:29.142 INFO [main] org.apache.catalina.startup.Catalina.load Server initialization in [1328] milliseconds
02-Nov-2023 00:03:29.252 INFO [main] org.apache.catalina.core.StandardService.startInternal Starting service [Catalina]
02-Nov-2023 00:03:29.253 INFO [main] org.apache.catalina.core.StandardEngine.startInternal Starting Servlet engine: [Apache Tomcat/10.1.15]
02-Nov-2023 00:03:29.280 INFO [main] org.apache.catalina.startup.HostConfig.deployDescriptor Deploying deployment descriptor [C:\Users\Hai Nguyen\Documents\Vi\intellij-workspace\387Assignment2Storefront\conf\Catalina\localhost\387Assignment2Storefront.xml]
02-Nov-2023 00:03:31.597 INFO [main] org.apache.jasper.servlet.TldScanner.scanJars At least one JAR was scanned for TLDs yet contained no TLDs. Enable debug logging for this logger for a complete list of JARs that were scanned but no TLDs were found in them. Skipping unneeded JARs during scanning can improve startup time and JSP compilation time.
02-Nov-2023 00:03:31.719 INFO [main] org.apache.catalina.startup.HostConfig.deployDescriptor Deployment of deployment descriptor [C:\Users\Hai Nguyen\Documents\Vi\intellij-workspace\387Assignment2Storefront\conf\Catalina\localhost\387Assignment2Storefront.xml] has finished in [2,438] ms
02-Nov-2023 00:03:31.725 INFO [main] org.apache.coyote.AbstractProtocol.start Starting ProtocolHandler ["http-nio-8080"]
02-Nov-2023 00:03:31.952 INFO [main] org.apache.catalina.startup.Catalina.start Server startup in [2806] milliseconds
